  [1m[35m (239.1ms)[0m  [1m[35mCREATE DATABASE "tunr2_backend_development" ENCODING = 'unicode'[0m
  [1m[35m (202.4ms)[0m  [1m[35mCREATE DATABASE "tunr2_backend_test" ENCODING = 'unicode'[0m
Started GET "/" for ::1 at 2020-11-16 09:32:15 -0600
Processing by Rails::WelcomeController#index as HTML
  Rendering /Users/kim/.rbenv/versions/2.7.2/lib/ruby/gems/2.7.0/gems/railties-6.0.3.4/lib/rails/templates/rails/welcome/index.html.erb
  Rendered /Users/kim/.rbenv/versions/2.7.2/lib/ruby/gems/2.7.0/gems/railties-6.0.3.4/lib/rails/templates/rails/welcome/index.html.erb (Duration: 11.8ms | Allocations: 402)
Completed 200 OK in 23ms (Views: 18.6ms | ActiveRecord: 0.0ms | Allocations: 2219)


  [1m[35m (36.4ms)[0m  [1m[35mCREATE TABLE "schema_migrations" ("version" character varying NOT NULL PRIMARY KEY)[0m
  [1m[35m (3.9ms)[0m  [1m[35mCREATE TABLE "ar_internal_metadata" ("key" character varying NOT NULL PRIMARY KEY, "value" character varying, "created_at" timestamp(6) NOT NULL, "updated_at" timestamp(6) NOT NULL)[0m
  [1m[35m (1.3ms)[0m  [1m[34mSELECT pg_try_advisory_lock(8579591250931809885)[0m
  [1m[35m (1.0ms)[0m  [1m[34mSELECT "schema_migrations"."version" FROM "schema_migrations" ORDER BY "schema_migrations"."version" ASC[0m
Migrating to CreateSongs (20201116153839)
  [1m[35m (0.2ms)[0m  [1m[35mBEGIN[0m
  [1m[35m (8.1ms)[0m  [1m[35mCREATE TABLE "songs" ("id" bigserial primary key, "artist" character varying, "title" character varying, "time" character varying, "created_at" timestamp(6) NOT NULL, "updated_at" timestamp(6) NOT NULL)[0m
  [1m[36mprimary::SchemaMigration Create (3.8ms)[0m  [1m[32mINSERT INTO "schema_migrations" ("version") VALUES ($1) RETURNING "version"[0m  [["version", "20201116153839"]]
  [1m[35m (0.3ms)[0m  [1m[35mCOMMIT[0m
  [1m[36mActiveRecord::InternalMetadata Load (0.6ms)[0m  [1m[34mSELECT "ar_internal_metadata".* FROM "ar_internal_metadata" WHERE "ar_internal_metadata"."key" = $1 LIMIT $2[0m  [["key", "environment"], ["LIMIT", 1]]
  [1m[35m (0.2ms)[0m  [1m[35mBEGIN[0m
  [1m[36mActiveRecord::InternalMetadata Create (1.7ms)[0m  [1m[32mINSERT INTO "ar_internal_metadata" ("key", "value", "created_at", "updated_at") VALUES ($1, $2, $3, $4) RETURNING "key"[0m  [["key", "environment"], ["value", "development"], ["created_at", "2020-11-16 15:39:52.262088"], ["updated_at", "2020-11-16 15:39:52.262088"]]
  [1m[35m (0.4ms)[0m  [1m[35mCOMMIT[0m
  [1m[35m (0.3ms)[0m  [1m[34mSELECT pg_advisory_unlock(8579591250931809885)[0m
  [1m[35m (1.4ms)[0m  [1m[34mSELECT "schema_migrations"."version" FROM "schema_migrations" ORDER BY "schema_migrations"."version" ASC[0m
  [1m[35m (1.1ms)[0m  [1m[34mSELECT "schema_migrations"."version" FROM "schema_migrations" ORDER BY "schema_migrations"."version" ASC[0m
  [1m[35m (0.2ms)[0m  [1m[35mBEGIN[0m
  [1m[36mSong Create (2.2ms)[0m  [1m[32mINSERT INTO "songs" ("artist", "title", "time", "created_at", "updated_at") VALUES ($1, $2, $3, $4, $5) RETURNING "id"[0m  [["artist", "John Legend"], ["title", "Wild"], ["time", "3:16"], ["created_at", "2020-11-16 15:57:08.270274"], ["updated_at", "2020-11-16 15:57:08.270274"]]
  [1m[35m (0.7ms)[0m  [1m[35mCOMMIT[0m
  [1m[35m (0.2ms)[0m  [1m[35mBEGIN[0m
  [1m[36mSong Create (0.4ms)[0m  [1m[32mINSERT INTO "songs" ("artist", "title", "time", "created_at", "updated_at") VALUES ($1, $2, $3, $4, $5) RETURNING "id"[0m  [["artist", "Tones And I"], ["title", "Fly Away"], ["time", "2:58"], ["created_at", "2020-11-16 15:57:08.276895"], ["updated_at", "2020-11-16 15:57:08.276895"]]
  [1m[35m (0.3ms)[0m  [1m[35mCOMMIT[0m
  [1m[35m (0.1ms)[0m  [1m[35mBEGIN[0m
  [1m[36mSong Create (0.3ms)[0m  [1m[32mINSERT INTO "songs" ("artist", "title", "time", "created_at", "updated_at") VALUES ($1, $2, $3, $4, $5) RETURNING "id"[0m  [["artist", "Aloe Blacc"], ["title", "All Love Everything"], ["time", "2:27"], ["created_at", "2020-11-16 15:57:08.281050"], ["updated_at", "2020-11-16 15:57:08.281050"]]
  [1m[35m (0.3ms)[0m  [1m[35mCOMMIT[0m
  [1m[35m (0.1ms)[0m  [1m[35mBEGIN[0m
  [1m[36mSong Create (0.3ms)[0m  [1m[32mINSERT INTO "songs" ("artist", "title", "time", "created_at", "updated_at") VALUES ($1, $2, $3, $4, $5) RETURNING "id"[0m  [["artist", "Sam Smith"], ["title", "Kids Again"], ["time", "3:27"], ["created_at", "2020-11-16 15:57:08.293175"], ["updated_at", "2020-11-16 15:57:08.293175"]]
  [1m[35m (0.4ms)[0m  [1m[35mCOMMIT[0m
  [1m[35m (0.2ms)[0m  [1m[35mBEGIN[0m
  [1m[36mSong Create (0.3ms)[0m  [1m[32mINSERT INTO "songs" ("artist", "title", "time", "created_at", "updated_at") VALUES ($1, $2, $3, $4, $5) RETURNING "id"[0m  [["artist", "Sia"], ["title", "Courage to Change"], ["time", "4:52"], ["created_at", "2020-11-16 15:57:08.296635"], ["updated_at", "2020-11-16 15:57:08.296635"]]
  [1m[35m (0.3ms)[0m  [1m[35mCOMMIT[0m
  [1m[35m (0.2ms)[0m  [1m[35mBEGIN[0m
  [1m[36mSong Create (0.4ms)[0m  [1m[32mINSERT INTO "songs" ("artist", "title", "time", "created_at", "updated_at") VALUES ($1, $2, $3, $4, $5) RETURNING "id"[0m  [["artist", "John K"], ["title", "parachute"], ["time", "2:36"], ["created_at", "2020-11-16 15:57:08.299997"], ["updated_at", "2020-11-16 15:57:08.299997"]]
  [1m[35m (0.4ms)[0m  [1m[35mCOMMIT[0m
Started GET "/" for ::1 at 2020-11-16 09:57:26 -0600
  [1m[35m (0.7ms)[0m  [1m[34mSELECT "schema_migrations"."version" FROM "schema_migrations" ORDER BY "schema_migrations"."version" ASC[0m
Processing by Rails::WelcomeController#index as HTML
  Rendering /Users/kim/.rbenv/versions/2.7.2/lib/ruby/gems/2.7.0/gems/railties-6.0.3.4/lib/rails/templates/rails/welcome/index.html.erb
  Rendered /Users/kim/.rbenv/versions/2.7.2/lib/ruby/gems/2.7.0/gems/railties-6.0.3.4/lib/rails/templates/rails/welcome/index.html.erb (Duration: 12.5ms | Allocations: 294)
Completed 200 OK in 21ms (Views: 16.5ms | ActiveRecord: 0.0ms | Allocations: 1536)


Started GET "/songs" for ::1 at 2020-11-16 09:57:31 -0600
Processing by SongsController#index as HTML
  [1m[36mSong Load (13.6ms)[0m  [1m[34mSELECT "songs".* FROM "songs"[0m
  ↳ app/controllers/songs_controller.rb:8:in `index'
Completed 200 OK in 30ms (Views: 8.0ms | ActiveRecord: 19.7ms | Allocations: 5435)


Started GET "/songs/1" for ::1 at 2020-11-16 09:58:24 -0600
Processing by SongsController#show as HTML
  Parameters: {"id"=>"1"}
  [1m[36mSong Load (0.5ms)[0m  [1m[34mSELECT "songs".* FROM "songs" WHERE "songs"."id" = $1 LIMIT $2[0m  [["id", 1], ["LIMIT", 1]]
  ↳ app/controllers/songs_controller.rb:44:in `set_song'
Completed 200 OK in 42ms (Views: 0.4ms | ActiveRecord: 0.8ms | Allocations: 2262)


Started GET "/songs" for ::1 at 2020-11-16 10:04:12 -0600
Processing by SongsController#index as */*
  Parameters: {"playlist_id"=>1, "song_id"=>3, "plays"=>2, "song"=>{}}
  [1m[36mSong Load (1.1ms)[0m  [1m[34mSELECT "songs".* FROM "songs"[0m
  ↳ app/controllers/songs_controller.rb:8:in `index'
Completed 200 OK in 15ms (Views: 12.4ms | ActiveRecord: 1.1ms | Allocations: 1634)


Started POST "/songs" for ::1 at 2020-11-16 10:05:30 -0600
Processing by SongsController#create as */*
  Parameters: {"artist"=>"someone", "title"=>"something good", "time"=>"3:00", "song"=>{"artist"=>"someone", "title"=>"something good", "time"=>"3:00"}}
  [1m[35m (0.3ms)[0m  [1m[35mBEGIN[0m
  ↳ app/controllers/songs_controller.rb:20:in `create'
  [1m[36mSong Create (2.1ms)[0m  [1m[32mINSERT INTO "songs" ("artist", "title", "time", "created_at", "updated_at") VALUES ($1, $2, $3, $4, $5) RETURNING "id"[0m  [["artist", "someone"], ["title", "something good"], ["time", "3:00"], ["created_at", "2020-11-16 16:05:30.054507"], ["updated_at", "2020-11-16 16:05:30.054507"]]
  ↳ app/controllers/songs_controller.rb:20:in `create'
  [1m[35m (0.7ms)[0m  [1m[35mCOMMIT[0m
  ↳ app/controllers/songs_controller.rb:20:in `create'
Completed 201 Created in 16ms (Views: 1.4ms | ActiveRecord: 3.0ms | Allocations: 2773)


Started GET "/songs" for ::1 at 2020-11-16 10:05:46 -0600
Processing by SongsController#index as */*
  Parameters: {"playlist_id"=>1, "song_id"=>3, "plays"=>2, "song"=>{}}
  [1m[36mSong Load (1.3ms)[0m  [1m[34mSELECT "songs".* FROM "songs"[0m
  ↳ app/controllers/songs_controller.rb:8:in `index'
Completed 200 OK in 16ms (Views: 14.6ms | ActiveRecord: 1.3ms | Allocations: 1685)


Started PUT "/songs/7" for ::1 at 2020-11-16 10:06:15 -0600
Processing by SongsController#update as */*
  Parameters: {"artist"=>"someone", "title"=>"something good", "time"=>"2:00", "id"=>"7", "song"=>{"artist"=>"someone", "title"=>"something good", "time"=>"2:00"}}
  [1m[36mSong Load (1.7ms)[0m  [1m[34mSELECT "songs".* FROM "songs" WHERE "songs"."id" = $1 LIMIT $2[0m  [["id", 7], ["LIMIT", 1]]
  ↳ app/controllers/songs_controller.rb:44:in `set_song'
  [1m[35m (0.7ms)[0m  [1m[35mBEGIN[0m
  ↳ app/controllers/songs_controller.rb:29:in `update'
  [1m[36mSong Update (2.8ms)[0m  [1m[33mUPDATE "songs" SET "time" = $1, "updated_at" = $2 WHERE "songs"."id" = $3[0m  [["time", "2:00"], ["updated_at", "2020-11-16 16:06:15.518979"], ["id", 7]]
  ↳ app/controllers/songs_controller.rb:29:in `update'
  [1m[35m (0.6ms)[0m  [1m[35mCOMMIT[0m
  ↳ app/controllers/songs_controller.rb:29:in `update'
Completed 200 OK in 17ms (Views: 0.3ms | ActiveRecord: 6.8ms | Allocations: 3147)


Started GET "/songs" for ::1 at 2020-11-16 10:06:18 -0600
Processing by SongsController#index as */*
  Parameters: {"playlist_id"=>1, "song_id"=>3, "plays"=>2, "song"=>{}}
  [1m[36mSong Load (0.5ms)[0m  [1m[34mSELECT "songs".* FROM "songs"[0m
  ↳ app/controllers/songs_controller.rb:8:in `index'
Completed 200 OK in 4ms (Views: 3.4ms | ActiveRecord: 0.5ms | Allocations: 1667)


Started DELETE "/songs/7" for ::1 at 2020-11-16 10:06:34 -0600
Processing by SongsController#destroy as */*
  Parameters: {"artist"=>"someone", "title"=>"something good", "time"=>"2:00", "id"=>"7", "song"=>{"artist"=>"someone", "title"=>"something good", "time"=>"2:00"}}
  [1m[36mSong Load (0.4ms)[0m  [1m[34mSELECT "songs".* FROM "songs" WHERE "songs"."id" = $1 LIMIT $2[0m  [["id", 7], ["LIMIT", 1]]
  ↳ app/controllers/songs_controller.rb:44:in `set_song'
  [1m[35m (0.2ms)[0m  [1m[35mBEGIN[0m
  ↳ app/controllers/songs_controller.rb:38:in `destroy'
  [1m[36mSong Destroy (0.4ms)[0m  [1m[31mDELETE FROM "songs" WHERE "songs"."id" = $1[0m  [["id", 7]]
  ↳ app/controllers/songs_controller.rb:38:in `destroy'
  [1m[35m (1.6ms)[0m  [1m[35mCOMMIT[0m
  ↳ app/controllers/songs_controller.rb:38:in `destroy'
Completed 204 No Content in 9ms (ActiveRecord: 2.6ms | Allocations: 2437)


Started GET "/songs" for ::1 at 2020-11-16 10:06:38 -0600
Processing by SongsController#index as */*
  Parameters: {"playlist_id"=>1, "song_id"=>3, "plays"=>2, "song"=>{}}
  [1m[36mSong Load (0.6ms)[0m  [1m[34mSELECT "songs".* FROM "songs"[0m
  ↳ app/controllers/songs_controller.rb:8:in `index'
Completed 200 OK in 4ms (Views: 3.3ms | ActiveRecord: 0.6ms | Allocations: 1547)


Started GET "/songs/1" for ::1 at 2020-11-16 10:14:57 -0600
  [1m[35m (1.1ms)[0m  [1m[34mSELECT "schema_migrations"."version" FROM "schema_migrations" ORDER BY "schema_migrations"."version" ASC[0m
Processing by SongsController#show as HTML
  Parameters: {"id"=>"1"}
  [1m[36mSong Load (0.5ms)[0m  [1m[34mSELECT "songs".* FROM "songs" WHERE "songs"."id" = $1 LIMIT $2[0m  [["id", 1], ["LIMIT", 1]]
  ↳ app/controllers/songs_controller.rb:44:in `set_song'
Completed 200 OK in 18ms (Views: 0.5ms | ActiveRecord: 7.1ms | Allocations: 5039)


Started GET "/songs" for ::1 at 2020-11-16 10:15:00 -0600
Processing by SongsController#index as HTML
  [1m[36mSong Load (0.4ms)[0m  [1m[34mSELECT "songs".* FROM "songs"[0m
  ↳ app/controllers/songs_controller.rb:8:in `index'
Completed 200 OK in 3ms (Views: 2.2ms | ActiveRecord: 0.4ms | Allocations: 1567)


Started GET "/songs/songs/" for ::1 at 2020-11-16 10:15:23 -0600
Processing by SongsController#show as */*
  Parameters: {"id"=>"songs"}
  [1m[36mSong Load (2.8ms)[0m  [1m[34mSELECT "songs".* FROM "songs" WHERE "songs"."id" = $1 LIMIT $2[0m  [["id", nil], ["LIMIT", 1]]
  ↳ app/controllers/songs_controller.rb:44:in `set_song'
Completed 404 Not Found in 7ms (ActiveRecord: 2.8ms | Allocations: 645)


  
ActiveRecord::RecordNotFound (Couldn't find Song with 'id'=songs):
  
app/controllers/songs_controller.rb:44:in `set_song'
Started GET "/songs/songs/" for ::1 at 2020-11-16 10:15:41 -0600
Processing by SongsController#show as */*
  Parameters: {"id"=>"songs"}
  [1m[36mSong Load (1.7ms)[0m  [1m[34mSELECT "songs".* FROM "songs" WHERE "songs"."id" = $1 LIMIT $2[0m  [["id", nil], ["LIMIT", 1]]
  ↳ app/controllers/songs_controller.rb:44:in `set_song'
Completed 404 Not Found in 4ms (ActiveRecord: 1.7ms | Allocations: 639)


  
ActiveRecord::RecordNotFound (Couldn't find Song with 'id'=songs):
  
app/controllers/songs_controller.rb:44:in `set_song'
Started GET "/songs/songs/" for ::1 at 2020-11-16 10:16:48 -0600
Processing by SongsController#show as */*
  Parameters: {"id"=>"songs"}
  [1m[36mSong Load (0.7ms)[0m  [1m[34mSELECT "songs".* FROM "songs" WHERE "songs"."id" = $1 LIMIT $2[0m  [["id", nil], ["LIMIT", 1]]
  ↳ app/controllers/songs_controller.rb:44:in `set_song'
Completed 404 Not Found in 2ms (ActiveRecord: 0.7ms | Allocations: 637)


  
ActiveRecord::RecordNotFound (Couldn't find Song with 'id'=songs):
  
app/controllers/songs_controller.rb:44:in `set_song'
Started GET "/songs/" for ::1 at 2020-11-16 10:17:09 -0600
Processing by SongsController#index as */*
  [1m[36mSong Load (2.9ms)[0m  [1m[34mSELECT "songs".* FROM "songs"[0m
  ↳ app/controllers/songs_controller.rb:8:in `index'
Completed 200 OK in 11ms (Views: 8.2ms | ActiveRecord: 2.9ms | Allocations: 1548)


Started GET "/songs" for ::1 at 2020-11-16 10:17:34 -0600
Processing by SongsController#index as */*
  [1m[36mSong Load (1.5ms)[0m  [1m[34mSELECT "songs".* FROM "songs"[0m
  ↳ app/controllers/songs_controller.rb:8:in `index'
Completed 200 OK in 6ms (Views: 4.2ms | ActiveRecord: 1.5ms | Allocations: 1547)


Started GET "/songs" for ::1 at 2020-11-16 10:17:37 -0600
Processing by SongsController#index as */*
  [1m[36mSong Load (1.8ms)[0m  [1m[34mSELECT "songs".* FROM "songs"[0m
  ↳ app/controllers/songs_controller.rb:8:in `index'
Completed 200 OK in 5ms (Views: 2.8ms | ActiveRecord: 1.8ms | Allocations: 1551)


Started GET "/songs/" for ::1 at 2020-11-16 10:44:20 -0600
Processing by SongsController#index as */*
  [1m[36mSong Load (0.9ms)[0m  [1m[34mSELECT "songs".* FROM "songs"[0m
  ↳ app/controllers/songs_controller.rb:8:in `index'
Completed 200 OK in 13ms (Views: 10.4ms | ActiveRecord: 0.9ms | Allocations: 1626)


Started GET "/songs/" for ::1 at 2020-11-16 10:44:29 -0600
Processing by SongsController#index as */*
  [1m[36mSong Load (1.2ms)[0m  [1m[34mSELECT "songs".* FROM "songs"[0m
  ↳ app/controllers/songs_controller.rb:8:in `index'
Completed 200 OK in 5ms (Views: 3.8ms | ActiveRecord: 1.2ms | Allocations: 1551)


Started GET "/songs" for ::1 at 2020-11-16 10:45:45 -0600
  [1m[35m (1.2ms)[0m  [1m[34mSELECT "schema_migrations"."version" FROM "schema_migrations" ORDER BY "schema_migrations"."version" ASC[0m
Processing by SongsController#index as HTML
  [1m[36mSong Load (0.6ms)[0m  [1m[34mSELECT "songs".* FROM "songs"[0m
  ↳ app/controllers/songs_controller.rb:8:in `index'
Completed 200 OK in 15ms (Views: 6.8ms | ActiveRecord: 6.6ms | Allocations: 5426)


Started GET "/songs/" for ::1 at 2020-11-16 10:46:03 -0600
Processing by SongsController#index as */*
  [1m[36mSong Load (2.3ms)[0m  [1m[34mSELECT "songs".* FROM "songs"[0m
  ↳ app/controllers/songs_controller.rb:8:in `index'
Completed 200 OK in 6ms (Views: 3.0ms | ActiveRecord: 2.3ms | Allocations: 1567)


Started GET "/songs/" for ::1 at 2020-11-16 10:50:37 -0600
  [1m[35m (1.0ms)[0m  [1m[34mSELECT "schema_migrations"."version" FROM "schema_migrations" ORDER BY "schema_migrations"."version" ASC[0m
Processing by SongsController#index as */*
  [1m[36mSong Load (0.6ms)[0m  [1m[34mSELECT "songs".* FROM "songs"[0m
  ↳ app/controllers/songs_controller.rb:8:in `index'
Completed 200 OK in 17ms (Views: 8.7ms | ActiveRecord: 6.7ms | Allocations: 5428)


Started DELETE "/songs/undefined" for ::1 at 2020-11-16 10:50:50 -0600
Processing by SongsController#destroy as */*
  Parameters: {"id"=>"undefined"}
  [1m[36mSong Load (0.3ms)[0m  [1m[34mSELECT "songs".* FROM "songs" WHERE "songs"."id" = $1 LIMIT $2[0m  [["id", nil], ["LIMIT", 1]]
  ↳ app/controllers/songs_controller.rb:44:in `set_song'
Completed 404 Not Found in 8ms (ActiveRecord: 0.6ms | Allocations: 2154)


  
ActiveRecord::RecordNotFound (Couldn't find Song with 'id'=undefined):
  
app/controllers/songs_controller.rb:44:in `set_song'
Started GET "/songs/" for ::1 at 2020-11-16 10:50:50 -0600
Processing by SongsController#index as */*
  [1m[36mSong Load (0.3ms)[0m  [1m[34mSELECT "songs".* FROM "songs"[0m
  ↳ app/controllers/songs_controller.rb:8:in `index'
Completed 200 OK in 2ms (Views: 1.5ms | ActiveRecord: 0.3ms | Allocations: 1549)


Started GET "/songs/" for ::1 at 2020-11-16 10:54:33 -0600
Processing by SongsController#index as */*
  [1m[36mSong Load (0.6ms)[0m  [1m[34mSELECT "songs".* FROM "songs"[0m
  ↳ app/controllers/songs_controller.rb:8:in `index'
Completed 200 OK in 4ms (Views: 3.0ms | ActiveRecord: 0.6ms | Allocations: 1566)


Started DELETE "/songs/undefined" for ::1 at 2020-11-16 10:54:39 -0600
Processing by SongsController#destroy as */*
  Parameters: {"id"=>"undefined"}
  [1m[36mSong Load (0.4ms)[0m  [1m[34mSELECT "songs".* FROM "songs" WHERE "songs"."id" = $1 LIMIT $2[0m  [["id", nil], ["LIMIT", 1]]
  ↳ app/controllers/songs_controller.rb:44:in `set_song'
Completed 404 Not Found in 2ms (ActiveRecord: 0.4ms | Allocations: 642)


  
ActiveRecord::RecordNotFound (Couldn't find Song with 'id'=undefined):
  
app/controllers/songs_controller.rb:44:in `set_song'
Started GET "/songs/" for ::1 at 2020-11-16 10:54:39 -0600
Processing by SongsController#index as */*
  [1m[36mSong Load (0.3ms)[0m  [1m[34mSELECT "songs".* FROM "songs"[0m
  ↳ app/controllers/songs_controller.rb:8:in `index'
Completed 200 OK in 2ms (Views: 1.6ms | ActiveRecord: 0.3ms | Allocations: 1551)


Started GET "/songs/" for ::1 at 2020-11-16 10:54:55 -0600
Processing by SongsController#index as */*
  [1m[36mSong Load (0.4ms)[0m  [1m[34mSELECT "songs".* FROM "songs"[0m
  ↳ app/controllers/songs_controller.rb:8:in `index'
Completed 200 OK in 3ms (Views: 2.6ms | ActiveRecord: 0.4ms | Allocations: 1566)


Started DELETE "/songs/6" for ::1 at 2020-11-16 10:55:07 -0600
Processing by SongsController#destroy as */*
  Parameters: {"id"=>"6"}
  [1m[36mSong Load (0.6ms)[0m  [1m[34mSELECT "songs".* FROM "songs" WHERE "songs"."id" = $1 LIMIT $2[0m  [["id", 6], ["LIMIT", 1]]
  ↳ app/controllers/songs_controller.rb:44:in `set_song'
  [1m[35m (0.3ms)[0m  [1m[35mBEGIN[0m
  ↳ app/controllers/songs_controller.rb:38:in `destroy'
  [1m[36mSong Destroy (0.9ms)[0m  [1m[31mDELETE FROM "songs" WHERE "songs"."id" = $1[0m  [["id", 6]]
  ↳ app/controllers/songs_controller.rb:38:in `destroy'
  [1m[35m (1.6ms)[0m  [1m[35mCOMMIT[0m
  ↳ app/controllers/songs_controller.rb:38:in `destroy'
Completed 204 No Content in 9ms (ActiveRecord: 3.4ms | Allocations: 2454)


Started GET "/songs/" for ::1 at 2020-11-16 10:55:07 -0600
Processing by SongsController#index as */*
  [1m[36mSong Load (0.4ms)[0m  [1m[34mSELECT "songs".* FROM "songs"[0m
  ↳ app/controllers/songs_controller.rb:8:in `index'
Completed 200 OK in 2ms (Views: 1.6ms | ActiveRecord: 0.4ms | Allocations: 1428)


Started GET "/songs/" for ::1 at 2020-11-16 10:55:15 -0600
Processing by SongsController#index as */*
  [1m[36mSong Load (0.5ms)[0m  [1m[34mSELECT "songs".* FROM "songs"[0m
  ↳ app/controllers/songs_controller.rb:8:in `index'
Completed 200 OK in 4ms (Views: 3.0ms | ActiveRecord: 0.5ms | Allocations: 1428)


Started GET "/songs/" for ::1 at 2020-11-16 10:59:23 -0600
Processing by SongsController#index as */*
  [1m[36mSong Load (0.6ms)[0m  [1m[34mSELECT "songs".* FROM "songs"[0m
  ↳ app/controllers/songs_controller.rb:8:in `index'
Completed 200 OK in 16ms (Views: 13.0ms | ActiveRecord: 0.6ms | Allocations: 1428)


Started GET "/songs/" for ::1 at 2020-11-16 10:59:26 -0600
Processing by SongsController#index as */*
  [1m[36mSong Load (0.6ms)[0m  [1m[34mSELECT "songs".* FROM "songs"[0m
  ↳ app/controllers/songs_controller.rb:8:in `index'
Completed 200 OK in 4ms (Views: 3.2ms | ActiveRecord: 0.6ms | Allocations: 1428)


Started GET "/songs/" for ::1 at 2020-11-16 10:59:39 -0600
Processing by SongsController#index as */*
  [1m[36mSong Load (0.5ms)[0m  [1m[34mSELECT "songs".* FROM "songs"[0m
  ↳ app/controllers/songs_controller.rb:8:in `index'
Completed 200 OK in 4ms (Views: 3.0ms | ActiveRecord: 0.5ms | Allocations: 1428)


Started GET "/songs/" for ::1 at 2020-11-16 10:59:45 -0600
Processing by SongsController#index as */*
  [1m[36mSong Load (0.7ms)[0m  [1m[34mSELECT "songs".* FROM "songs"[0m
  ↳ app/controllers/songs_controller.rb:8:in `index'
Completed 200 OK in 7ms (Views: 6.1ms | ActiveRecord: 0.7ms | Allocations: 1428)


Started GET "/songs/" for ::1 at 2020-11-16 11:02:49 -0600
Processing by SongsController#index as */*
  [1m[36mSong Load (1.7ms)[0m  [1m[34mSELECT "songs".* FROM "songs"[0m
  ↳ app/controllers/songs_controller.rb:8:in `index'
Completed 200 OK in 6ms (Views: 4.0ms | ActiveRecord: 1.7ms | Allocations: 1429)


Started GET "/songs/" for ::1 at 2020-11-16 11:02:53 -0600
Processing by SongsController#index as */*
  [1m[36mSong Load (0.4ms)[0m  [1m[34mSELECT "songs".* FROM "songs"[0m
  ↳ app/controllers/songs_controller.rb:8:in `index'
Completed 200 OK in 3ms (Views: 2.5ms | ActiveRecord: 0.4ms | Allocations: 1428)


Started GET "/songs/" for ::1 at 2020-11-16 11:02:55 -0600
Processing by SongsController#index as */*
  [1m[36mSong Load (0.4ms)[0m  [1m[34mSELECT "songs".* FROM "songs"[0m
  ↳ app/controllers/songs_controller.rb:8:in `index'
Completed 200 OK in 3ms (Views: 2.4ms | ActiveRecord: 0.4ms | Allocations: 1428)


Started GET "/songs/" for ::1 at 2020-11-16 11:03:03 -0600
Processing by SongsController#index as */*
  [1m[36mSong Load (1.1ms)[0m  [1m[34mSELECT "songs".* FROM "songs"[0m
  ↳ app/controllers/songs_controller.rb:8:in `index'
Completed 200 OK in 4ms (Views: 2.8ms | ActiveRecord: 1.1ms | Allocations: 1428)


Started GET "/songs/" for ::1 at 2020-11-16 11:05:20 -0600
Processing by SongsController#index as */*
  [1m[36mSong Load (6.7ms)[0m  [1m[34mSELECT "songs".* FROM "songs"[0m
  ↳ app/controllers/songs_controller.rb:8:in `index'
Completed 200 OK in 14ms (Views: 7.1ms | ActiveRecord: 6.7ms | Allocations: 1428)


Started GET "/songs/" for ::1 at 2020-11-16 11:05:22 -0600
Processing by SongsController#index as */*
  [1m[36mSong Load (0.6ms)[0m  [1m[34mSELECT "songs".* FROM "songs"[0m
  ↳ app/controllers/songs_controller.rb:8:in `index'
Completed 200 OK in 4ms (Views: 3.1ms | ActiveRecord: 0.6ms | Allocations: 1428)


Started GET "/songs/" for ::1 at 2020-11-16 11:07:08 -0600
Processing by SongsController#index as */*
  [1m[36mSong Load (0.8ms)[0m  [1m[34mSELECT "songs".* FROM "songs"[0m
  ↳ app/controllers/songs_controller.rb:8:in `index'
Completed 200 OK in 3ms (Views: 2.1ms | ActiveRecord: 0.8ms | Allocations: 1429)


Started GET "/songs/" for ::1 at 2020-11-16 11:07:13 -0600
Processing by SongsController#index as */*
  [1m[36mSong Load (2.7ms)[0m  [1m[34mSELECT "songs".* FROM "songs"[0m
  ↳ app/controllers/songs_controller.rb:8:in `index'
Completed 200 OK in 8ms (Views: 4.7ms | ActiveRecord: 2.7ms | Allocations: 1428)


Started GET "/songs/" for ::1 at 2020-11-16 11:07:15 -0600
Processing by SongsController#index as */*
  [1m[36mSong Load (0.4ms)[0m  [1m[34mSELECT "songs".* FROM "songs"[0m
  ↳ app/controllers/songs_controller.rb:8:in `index'
Completed 200 OK in 4ms (Views: 3.2ms | ActiveRecord: 0.4ms | Allocations: 1428)


Started GET "/songs/" for ::1 at 2020-11-16 11:07:17 -0600
Processing by SongsController#index as */*
  [1m[36mSong Load (0.5ms)[0m  [1m[34mSELECT "songs".* FROM "songs"[0m
  ↳ app/controllers/songs_controller.rb:8:in `index'
Completed 200 OK in 4ms (Views: 2.8ms | ActiveRecord: 0.5ms | Allocations: 1428)


Started GET "/songs/" for ::1 at 2020-11-16 11:07:20 -0600
Processing by SongsController#index as */*
  [1m[36mSong Load (1.9ms)[0m  [1m[34mSELECT "songs".* FROM "songs"[0m
  ↳ app/controllers/songs_controller.rb:8:in `index'
Completed 200 OK in 5ms (Views: 2.6ms | ActiveRecord: 1.9ms | Allocations: 1428)


Started GET "/songs/" for ::1 at 2020-11-16 11:07:37 -0600
Processing by SongsController#index as */*
  [1m[36mSong Load (0.8ms)[0m  [1m[34mSELECT "songs".* FROM "songs"[0m
  ↳ app/controllers/songs_controller.rb:8:in `index'
Completed 200 OK in 4ms (Views: 3.0ms | ActiveRecord: 0.8ms | Allocations: 1428)


Started GET "/songs/" for ::1 at 2020-11-16 11:11:28 -0600
Processing by SongsController#index as */*
  [1m[36mSong Load (3.0ms)[0m  [1m[34mSELECT "songs".* FROM "songs"[0m
  ↳ app/controllers/songs_controller.rb:8:in `index'
Completed 200 OK in 8ms (Views: 4.6ms | ActiveRecord: 3.0ms | Allocations: 1428)


Started GET "/songs/" for ::1 at 2020-11-16 11:18:13 -0600
Processing by SongsController#index as */*
  [1m[36mSong Load (1.6ms)[0m  [1m[34mSELECT "songs".* FROM "songs"[0m
  ↳ app/controllers/songs_controller.rb:8:in `index'
Completed 200 OK in 18ms (Views: 14.0ms | ActiveRecord: 1.6ms | Allocations: 1502)


Started GET "/songs/" for ::1 at 2020-11-16 11:18:24 -0600
Processing by SongsController#index as */*
  [1m[36mSong Load (0.4ms)[0m  [1m[34mSELECT "songs".* FROM "songs"[0m
  ↳ app/controllers/songs_controller.rb:8:in `index'
Completed 200 OK in 3ms (Views: 2.2ms | ActiveRecord: 0.4ms | Allocations: 1428)


Started GET "/songs/" for ::1 at 2020-11-16 11:18:28 -0600
Processing by SongsController#index as */*
  [1m[36mSong Load (0.5ms)[0m  [1m[34mSELECT "songs".* FROM "songs"[0m
  ↳ app/controllers/songs_controller.rb:8:in `index'
Completed 200 OK in 7ms (Views: 6.0ms | ActiveRecord: 0.5ms | Allocations: 1428)


Started GET "/songs/" for ::1 at 2020-11-16 11:18:30 -0600
Processing by SongsController#index as */*
  [1m[36mSong Load (2.8ms)[0m  [1m[34mSELECT "songs".* FROM "songs"[0m
  ↳ app/controllers/songs_controller.rb:8:in `index'
Completed 200 OK in 13ms (Views: 7.3ms | ActiveRecord: 2.8ms | Allocations: 1428)


Started GET "/songs/" for ::1 at 2020-11-16 11:18:33 -0600
Processing by SongsController#index as */*
  [1m[36mSong Load (4.4ms)[0m  [1m[34mSELECT "songs".* FROM "songs"[0m
  ↳ app/controllers/songs_controller.rb:8:in `index'
Completed 200 OK in 7ms (Views: 2.5ms | ActiveRecord: 4.4ms | Allocations: 1428)


Started GET "/songs/" for ::1 at 2020-11-16 11:18:37 -0600
Processing by SongsController#index as */*
  [1m[36mSong Load (1.1ms)[0m  [1m[34mSELECT "songs".* FROM "songs"[0m
  ↳ app/controllers/songs_controller.rb:8:in `index'
Completed 200 OK in 5ms (Views: 3.7ms | ActiveRecord: 1.1ms | Allocations: 1428)


Started GET "/songs/" for ::1 at 2020-11-16 11:18:43 -0600
Processing by SongsController#index as */*
  [1m[36mSong Load (0.6ms)[0m  [1m[34mSELECT "songs".* FROM "songs"[0m
  ↳ app/controllers/songs_controller.rb:8:in `index'
Completed 200 OK in 5ms (Views: 3.9ms | ActiveRecord: 0.6ms | Allocations: 1429)


Started GET "/songs/" for ::1 at 2020-11-16 11:18:53 -0600
Processing by SongsController#index as */*
  [1m[36mSong Load (0.5ms)[0m  [1m[34mSELECT "songs".* FROM "songs"[0m
  ↳ app/controllers/songs_controller.rb:8:in `index'
Completed 200 OK in 4ms (Views: 3.0ms | ActiveRecord: 0.5ms | Allocations: 1428)


Started GET "/songs/" for ::1 at 2020-11-16 11:19:12 -0600
Processing by SongsController#index as */*
  [1m[36mSong Load (0.6ms)[0m  [1m[34mSELECT "songs".* FROM "songs"[0m
  ↳ app/controllers/songs_controller.rb:8:in `index'
Completed 200 OK in 5ms (Views: 3.8ms | ActiveRecord: 0.6ms | Allocations: 1428)


Started GET "/songs/" for ::1 at 2020-11-16 11:19:36 -0600
Processing by SongsController#index as */*
  [1m[36mSong Load (0.9ms)[0m  [1m[34mSELECT "songs".* FROM "songs"[0m
  ↳ app/controllers/songs_controller.rb:8:in `index'
Completed 200 OK in 8ms (Views: 6.4ms | ActiveRecord: 0.9ms | Allocations: 1428)


Started GET "/songs/" for ::1 at 2020-11-16 11:25:19 -0600
Processing by SongsController#index as */*
  [1m[36mSong Load (1.0ms)[0m  [1m[34mSELECT "songs".* FROM "songs"[0m
  ↳ app/controllers/songs_controller.rb:8:in `index'
Completed 200 OK in 12ms (Views: 8.4ms | ActiveRecord: 1.0ms | Allocations: 1502)


Started GET "/songs/" for ::1 at 2020-11-16 11:25:42 -0600
Processing by SongsController#index as */*
  [1m[36mSong Load (0.4ms)[0m  [1m[34mSELECT "songs".* FROM "songs"[0m
  ↳ app/controllers/songs_controller.rb:8:in `index'
Completed 200 OK in 7ms (Views: 6.6ms | ActiveRecord: 0.4ms | Allocations: 1428)


Started GET "/songs/" for ::1 at 2020-11-16 11:26:36 -0600
Processing by SongsController#index as */*
  [1m[36mSong Load (0.5ms)[0m  [1m[34mSELECT "songs".* FROM "songs"[0m
  ↳ app/controllers/songs_controller.rb:8:in `index'
Completed 200 OK in 5ms (Views: 4.6ms | ActiveRecord: 0.5ms | Allocations: 1428)


Started GET "/songs/" for ::1 at 2020-11-16 11:26:38 -0600
Processing by SongsController#index as */*
  [1m[36mSong Load (1.8ms)[0m  [1m[34mSELECT "songs".* FROM "songs"[0m
  ↳ app/controllers/songs_controller.rb:8:in `index'
Completed 200 OK in 9ms (Views: 4.6ms | ActiveRecord: 1.8ms | Allocations: 1428)


Started GET "/songs/" for ::1 at 2020-11-16 11:26:41 -0600
Processing by SongsController#index as */*
  [1m[36mSong Load (0.6ms)[0m  [1m[34mSELECT "songs".* FROM "songs"[0m
  ↳ app/controllers/songs_controller.rb:8:in `index'
Completed 200 OK in 31ms (Views: 30.1ms | ActiveRecord: 0.6ms | Allocations: 1429)


Started GET "/songs/" for ::1 at 2020-11-16 11:26:42 -0600
Processing by SongsController#index as */*
  [1m[36mSong Load (0.4ms)[0m  [1m[34mSELECT "songs".* FROM "songs"[0m
  ↳ app/controllers/songs_controller.rb:8:in `index'
Completed 200 OK in 3ms (Views: 2.5ms | ActiveRecord: 0.4ms | Allocations: 1429)


Started GET "/songs/" for ::1 at 2020-11-16 11:28:28 -0600
Processing by SongsController#index as */*
  [1m[36mSong Load (0.4ms)[0m  [1m[34mSELECT "songs".* FROM "songs"[0m
  ↳ app/controllers/songs_controller.rb:8:in `index'
Completed 200 OK in 3ms (Views: 2.1ms | ActiveRecord: 0.4ms | Allocations: 1428)


Started GET "/songs/" for ::1 at 2020-11-16 11:30:04 -0600
Processing by SongsController#index as */*
  [1m[36mSong Load (0.5ms)[0m  [1m[34mSELECT "songs".* FROM "songs"[0m
  ↳ app/controllers/songs_controller.rb:8:in `index'
Completed 200 OK in 4ms (Views: 3.0ms | ActiveRecord: 0.5ms | Allocations: 1428)


Started GET "/songs/" for ::1 at 2020-11-16 11:30:08 -0600
Processing by SongsController#index as */*
  [1m[36mSong Load (0.6ms)[0m  [1m[34mSELECT "songs".* FROM "songs"[0m
  ↳ app/controllers/songs_controller.rb:8:in `index'
Completed 200 OK in 4ms (Views: 2.8ms | ActiveRecord: 0.6ms | Allocations: 1428)


Started GET "/songs/" for ::1 at 2020-11-16 11:30:10 -0600
Processing by SongsController#index as */*
  [1m[36mSong Load (2.8ms)[0m  [1m[34mSELECT "songs".* FROM "songs"[0m
  ↳ app/controllers/songs_controller.rb:8:in `index'
Completed 200 OK in 6ms (Views: 3.0ms | ActiveRecord: 2.8ms | Allocations: 1428)


Started GET "/songs/" for ::1 at 2020-11-16 11:31:15 -0600
Processing by SongsController#index as */*
  [1m[36mSong Load (0.6ms)[0m  [1m[34mSELECT "songs".* FROM "songs"[0m
  ↳ app/controllers/songs_controller.rb:8:in `index'
Completed 200 OK in 4ms (Views: 3.5ms | ActiveRecord: 0.6ms | Allocations: 1428)


Started GET "/songs/" for ::1 at 2020-11-16 11:31:52 -0600
Processing by SongsController#index as */*
  [1m[36mSong Load (0.7ms)[0m  [1m[34mSELECT "songs".* FROM "songs"[0m
  ↳ app/controllers/songs_controller.rb:8:in `index'
Completed 200 OK in 4ms (Views: 3.3ms | ActiveRecord: 0.7ms | Allocations: 1429)


Started GET "/songs/" for ::1 at 2020-11-16 11:32:06 -0600
Processing by SongsController#index as */*
  [1m[36mSong Load (0.4ms)[0m  [1m[34mSELECT "songs".* FROM "songs"[0m
  ↳ app/controllers/songs_controller.rb:8:in `index'
Completed 200 OK in 5ms (Views: 4.4ms | ActiveRecord: 0.4ms | Allocations: 1428)


Started GET "/songs/" for ::1 at 2020-11-16 11:35:43 -0600
Processing by SongsController#index as */*
  [1m[36mSong Load (1.5ms)[0m  [1m[34mSELECT "songs".* FROM "songs"[0m
  ↳ app/controllers/songs_controller.rb:8:in `index'
Completed 200 OK in 6ms (Views: 4.2ms | ActiveRecord: 1.5ms | Allocations: 1428)


Started GET "/songs/" for ::1 at 2020-11-16 11:35:52 -0600
Processing by SongsController#index as */*
  [1m[36mSong Load (0.4ms)[0m  [1m[34mSELECT "songs".* FROM "songs"[0m
  ↳ app/controllers/songs_controller.rb:8:in `index'
Completed 200 OK in 4ms (Views: 3.0ms | ActiveRecord: 0.4ms | Allocations: 1428)


Started GET "/songs/" for ::1 at 2020-11-16 11:35:56 -0600
Processing by SongsController#index as */*
  [1m[36mSong Load (2.1ms)[0m  [1m[34mSELECT "songs".* FROM "songs"[0m
  ↳ app/controllers/songs_controller.rb:8:in `index'
Completed 200 OK in 11ms (Views: 8.3ms | ActiveRecord: 2.1ms | Allocations: 1428)


Started GET "/songs/" for ::1 at 2020-11-16 11:37:45 -0600
Processing by SongsController#index as */*
  [1m[36mSong Load (0.6ms)[0m  [1m[34mSELECT "songs".* FROM "songs"[0m
  ↳ app/controllers/songs_controller.rb:8:in `index'
Completed 200 OK in 9ms (Views: 8.4ms | ActiveRecord: 0.6ms | Allocations: 1428)


Started GET "/songs/" for ::1 at 2020-11-16 11:38:02 -0600
Processing by SongsController#index as */*
  [1m[36mSong Load (0.5ms)[0m  [1m[34mSELECT "songs".* FROM "songs"[0m
  ↳ app/controllers/songs_controller.rb:8:in `index'
Completed 200 OK in 5ms (Views: 4.3ms | ActiveRecord: 0.5ms | Allocations: 1428)


Started GET "/songs/" for ::1 at 2020-11-16 11:38:18 -0600
Processing by SongsController#index as */*
  [1m[36mSong Load (0.5ms)[0m  [1m[34mSELECT "songs".* FROM "songs"[0m
  ↳ app/controllers/songs_controller.rb:8:in `index'
Completed 200 OK in 4ms (Views: 3.4ms | ActiveRecord: 0.5ms | Allocations: 1428)


Started GET "/songs/" for ::1 at 2020-11-16 11:38:28 -0600
Processing by SongsController#index as */*
  [1m[36mSong Load (0.7ms)[0m  [1m[34mSELECT "songs".* FROM "songs"[0m
  ↳ app/controllers/songs_controller.rb:8:in `index'
Completed 200 OK in 5ms (Views: 3.6ms | ActiveRecord: 0.7ms | Allocations: 1428)


Started GET "/songs/" for ::1 at 2020-11-16 11:39:49 -0600
Processing by SongsController#index as */*
  [1m[36mSong Load (1.8ms)[0m  [1m[34mSELECT "songs".* FROM "songs"[0m
  ↳ app/controllers/songs_controller.rb:8:in `index'
Completed 200 OK in 5ms (Views: 3.3ms | ActiveRecord: 1.8ms | Allocations: 1428)


Started GET "/songs/" for ::1 at 2020-11-16 11:39:54 -0600
Processing by SongsController#index as */*
  [1m[36mSong Load (7.1ms)[0m  [1m[34mSELECT "songs".* FROM "songs"[0m
  ↳ app/controllers/songs_controller.rb:8:in `index'
Completed 200 OK in 17ms (Views: 10.1ms | ActiveRecord: 7.1ms | Allocations: 1428)


Started GET "/songs/" for ::1 at 2020-11-16 11:39:57 -0600
Processing by SongsController#index as */*
  [1m[36mSong Load (0.4ms)[0m  [1m[34mSELECT "songs".* FROM "songs"[0m
  ↳ app/controllers/songs_controller.rb:8:in `index'
Completed 200 OK in 3ms (Views: 2.7ms | ActiveRecord: 0.4ms | Allocations: 1428)


Started GET "/songs/" for ::1 at 2020-11-16 11:40:00 -0600
Processing by SongsController#index as */*
  [1m[36mSong Load (0.5ms)[0m  [1m[34mSELECT "songs".* FROM "songs"[0m
  ↳ app/controllers/songs_controller.rb:8:in `index'
Completed 200 OK in 4ms (Views: 2.9ms | ActiveRecord: 0.5ms | Allocations: 1428)


Started GET "/songs/" for ::1 at 2020-11-16 11:44:32 -0600
Processing by SongsController#index as */*
  [1m[36mSong Load (0.9ms)[0m  [1m[34mSELECT "songs".* FROM "songs"[0m
  ↳ app/controllers/songs_controller.rb:8:in `index'
Completed 200 OK in 5ms (Views: 3.4ms | ActiveRecord: 0.9ms | Allocations: 1428)


Started GET "/songs/" for ::1 at 2020-11-16 11:46:15 -0600
Processing by SongsController#index as */*
  [1m[36mSong Load (0.6ms)[0m  [1m[34mSELECT "songs".* FROM "songs"[0m
  ↳ app/controllers/songs_controller.rb:8:in `index'
Completed 200 OK in 23ms (Views: 16.5ms | ActiveRecord: 0.6ms | Allocations: 1429)


Started GET "/songs/" for ::1 at 2020-11-16 11:51:56 -0600
Processing by SongsController#index as */*
  [1m[36mSong Load (1.4ms)[0m  [1m[34mSELECT "songs".* FROM "songs"[0m
  ↳ app/controllers/songs_controller.rb:8:in `index'
Completed 200 OK in 14ms (Views: 9.9ms | ActiveRecord: 1.4ms | Allocations: 1502)


Started GET "/songs/" for ::1 at 2020-11-16 11:52:32 -0600
Processing by SongsController#index as */*
  [1m[36mSong Load (1.9ms)[0m  [1m[34mSELECT "songs".* FROM "songs"[0m
  ↳ app/controllers/songs_controller.rb:8:in `index'
Completed 200 OK in 7ms (Views: 4.3ms | ActiveRecord: 1.9ms | Allocations: 1428)


Started GET "/songs/" for ::1 at 2020-11-16 11:55:18 -0600
Processing by SongsController#index as */*
  [1m[36mSong Load (0.9ms)[0m  [1m[34mSELECT "songs".* FROM "songs"[0m
  ↳ app/controllers/songs_controller.rb:8:in `index'
Completed 200 OK in 26ms (Views: 17.9ms | ActiveRecord: 0.9ms | Allocations: 1428)


Started GET "/songs/" for ::1 at 2020-11-16 11:55:19 -0600
Processing by SongsController#index as */*
  [1m[36mSong Load (2.9ms)[0m  [1m[34mSELECT "songs".* FROM "songs"[0m
  ↳ app/controllers/songs_controller.rb:8:in `index'
Completed 200 OK in 16ms (Views: 12.6ms | ActiveRecord: 2.9ms | Allocations: 1428)


Started GET "/songs/" for ::1 at 2020-11-16 11:55:55 -0600
Processing by SongsController#index as */*
  [1m[36mSong Load (5.8ms)[0m  [1m[34mSELECT "songs".* FROM "songs"[0m
  ↳ app/controllers/songs_controller.rb:8:in `index'
Completed 200 OK in 12ms (Views: 5.4ms | ActiveRecord: 5.8ms | Allocations: 1428)


Started GET "/songs/" for ::1 at 2020-11-16 11:56:01 -0600
Processing by SongsController#index as */*
  [1m[36mSong Load (0.4ms)[0m  [1m[34mSELECT "songs".* FROM "songs"[0m
  ↳ app/controllers/songs_controller.rb:8:in `index'
Completed 200 OK in 8ms (Views: 7.3ms | ActiveRecord: 0.4ms | Allocations: 1428)


Started GET "/songs/" for ::1 at 2020-11-16 11:56:12 -0600
Processing by SongsController#index as */*
  [1m[36mSong Load (1.2ms)[0m  [1m[34mSELECT "songs".* FROM "songs"[0m
  ↳ app/controllers/songs_controller.rb:8:in `index'
Completed 200 OK in 5ms (Views: 3.2ms | ActiveRecord: 1.2ms | Allocations: 1429)


Started GET "/songs/" for ::1 at 2020-11-16 11:56:35 -0600
Processing by SongsController#index as */*
  [1m[36mSong Load (2.3ms)[0m  [1m[34mSELECT "songs".* FROM "songs"[0m
  ↳ app/controllers/songs_controller.rb:8:in `index'
Completed 200 OK in 11ms (Views: 8.3ms | ActiveRecord: 2.3ms | Allocations: 1429)


Started GET "/songs/" for ::1 at 2020-11-16 11:57:32 -0600
Processing by SongsController#index as */*
  [1m[36mSong Load (0.5ms)[0m  [1m[34mSELECT "songs".* FROM "songs"[0m
  ↳ app/controllers/songs_controller.rb:8:in `index'
Completed 200 OK in 4ms (Views: 3.3ms | ActiveRecord: 0.5ms | Allocations: 1428)


Started GET "/songs/" for ::1 at 2020-11-16 11:57:42 -0600
Processing by SongsController#index as */*
  [1m[36mSong Load (0.8ms)[0m  [1m[34mSELECT "songs".* FROM "songs"[0m
  ↳ app/controllers/songs_controller.rb:8:in `index'
Completed 200 OK in 5ms (Views: 3.5ms | ActiveRecord: 0.8ms | Allocations: 1428)


Started GET "/songs/" for ::1 at 2020-11-16 11:58:21 -0600
Processing by SongsController#index as */*
  [1m[36mSong Load (1.9ms)[0m  [1m[34mSELECT "songs".* FROM "songs"[0m
  ↳ app/controllers/songs_controller.rb:8:in `index'
Completed 200 OK in 7ms (Views: 4.9ms | ActiveRecord: 1.9ms | Allocations: 1428)


Started GET "/songs/" for ::1 at 2020-11-16 11:58:33 -0600
Processing by SongsController#index as */*
  [1m[36mSong Load (0.4ms)[0m  [1m[34mSELECT "songs".* FROM "songs"[0m
  ↳ app/controllers/songs_controller.rb:8:in `index'
Completed 200 OK in 3ms (Views: 2.7ms | ActiveRecord: 0.4ms | Allocations: 1428)


Started GET "/songs/" for ::1 at 2020-11-16 12:00:31 -0600
Processing by SongsController#index as */*
  [1m[36mSong Load (0.6ms)[0m  [1m[34mSELECT "songs".* FROM "songs"[0m
  ↳ app/controllers/songs_controller.rb:8:in `index'
Completed 200 OK in 4ms (Views: 3.6ms | ActiveRecord: 0.6ms | Allocations: 1428)


Started GET "/songs/" for ::1 at 2020-11-16 12:00:34 -0600
Processing by SongsController#index as */*
  [1m[36mSong Load (0.3ms)[0m  [1m[34mSELECT "songs".* FROM "songs"[0m
  ↳ app/controllers/songs_controller.rb:8:in `index'
Completed 200 OK in 4ms (Views: 3.7ms | ActiveRecord: 0.3ms | Allocations: 1429)


Started GET "/songs/" for ::1 at 2020-11-16 12:00:39 -0600
Processing by SongsController#index as */*
  [1m[36mSong Load (0.3ms)[0m  [1m[34mSELECT "songs".* FROM "songs"[0m
  ↳ app/controllers/songs_controller.rb:8:in `index'
Completed 200 OK in 4ms (Views: 3.6ms | ActiveRecord: 0.3ms | Allocations: 1428)


Started GET "/songs/" for ::1 at 2020-11-16 12:00:42 -0600
Processing by SongsController#index as */*
  [1m[36mSong Load (0.4ms)[0m  [1m[34mSELECT "songs".* FROM "songs"[0m
  ↳ app/controllers/songs_controller.rb:8:in `index'
Completed 200 OK in 3ms (Views: 2.6ms | ActiveRecord: 0.4ms | Allocations: 1428)


Started GET "/songs/" for ::1 at 2020-11-16 12:00:50 -0600
Processing by SongsController#index as */*
  [1m[36mSong Load (0.3ms)[0m  [1m[34mSELECT "songs".* FROM "songs"[0m
  ↳ app/controllers/songs_controller.rb:8:in `index'
Completed 200 OK in 3ms (Views: 2.9ms | ActiveRecord: 0.3ms | Allocations: 1428)


Started GET "/songs/" for ::1 at 2020-11-16 12:00:57 -0600
Processing by SongsController#index as */*
  [1m[36mSong Load (0.7ms)[0m  [1m[34mSELECT "songs".* FROM "songs"[0m
  ↳ app/controllers/songs_controller.rb:8:in `index'
Completed 200 OK in 4ms (Views: 3.2ms | ActiveRecord: 0.7ms | Allocations: 1428)


Started GET "/songs/" for ::1 at 2020-11-16 12:01:02 -0600
Processing by SongsController#index as */*
  [1m[36mSong Load (0.4ms)[0m  [1m[34mSELECT "songs".* FROM "songs"[0m
  ↳ app/controllers/songs_controller.rb:8:in `index'
Completed 200 OK in 4ms (Views: 3.0ms | ActiveRecord: 0.4ms | Allocations: 1428)


Started GET "/songs/" for ::1 at 2020-11-16 12:01:09 -0600
Processing by SongsController#index as */*
  [1m[36mSong Load (1.7ms)[0m  [1m[34mSELECT "songs".* FROM "songs"[0m
  ↳ app/controllers/songs_controller.rb:8:in `index'
Completed 200 OK in 5ms (Views: 3.4ms | ActiveRecord: 1.7ms | Allocations: 1428)


Started GET "/songs/" for ::1 at 2020-11-16 12:01:46 -0600
Processing by SongsController#index as */*
  [1m[36mSong Load (0.4ms)[0m  [1m[34mSELECT "songs".* FROM "songs"[0m
  ↳ app/controllers/songs_controller.rb:8:in `index'
Completed 200 OK in 3ms (Views: 2.7ms | ActiveRecord: 0.4ms | Allocations: 1428)


Started GET "/songs/" for ::1 at 2020-11-16 12:01:49 -0600
Processing by SongsController#index as */*
  [1m[36mSong Load (0.7ms)[0m  [1m[34mSELECT "songs".* FROM "songs"[0m
  ↳ app/controllers/songs_controller.rb:8:in `index'
Completed 200 OK in 4ms (Views: 2.7ms | ActiveRecord: 0.7ms | Allocations: 1428)


Started GET "/songs/" for ::1 at 2020-11-16 12:02:05 -0600
Processing by SongsController#index as */*
  [1m[36mSong Load (2.6ms)[0m  [1m[34mSELECT "songs".* FROM "songs"[0m
  ↳ app/controllers/songs_controller.rb:8:in `index'
Completed 200 OK in 6ms (Views: 3.2ms | ActiveRecord: 2.6ms | Allocations: 1428)


Started GET "/songs/" for ::1 at 2020-11-16 12:02:08 -0600
Processing by SongsController#index as */*
  [1m[36mSong Load (1.4ms)[0m  [1m[34mSELECT "songs".* FROM "songs"[0m
  ↳ app/controllers/songs_controller.rb:8:in `index'
Completed 200 OK in 7ms (Views: 5.1ms | ActiveRecord: 1.4ms | Allocations: 1428)


Started GET "/songs/" for ::1 at 2020-11-16 12:02:16 -0600
Processing by SongsController#index as */*
  [1m[36mSong Load (0.5ms)[0m  [1m[34mSELECT "songs".* FROM "songs"[0m
  ↳ app/controllers/songs_controller.rb:8:in `index'
Completed 200 OK in 4ms (Views: 3.2ms | ActiveRecord: 0.5ms | Allocations: 1428)


Started GET "/songs/" for ::1 at 2020-11-16 12:02:46 -0600
Processing by SongsController#index as */*
  [1m[36mSong Load (0.4ms)[0m  [1m[34mSELECT "songs".* FROM "songs"[0m
  ↳ app/controllers/songs_controller.rb:8:in `index'
Completed 200 OK in 3ms (Views: 2.7ms | ActiveRecord: 0.4ms | Allocations: 1428)


Started GET "/songs/" for ::1 at 2020-11-16 12:02:47 -0600
Processing by SongsController#index as */*
  [1m[36mSong Load (1.2ms)[0m  [1m[34mSELECT "songs".* FROM "songs"[0m
  ↳ app/controllers/songs_controller.rb:8:in `index'
Completed 200 OK in 5ms (Views: 3.6ms | ActiveRecord: 1.2ms | Allocations: 1428)


Started GET "/songs/" for ::1 at 2020-11-16 12:02:52 -0600
Processing by SongsController#index as */*
  [1m[36mSong Load (0.5ms)[0m  [1m[34mSELECT "songs".* FROM "songs"[0m
  ↳ app/controllers/songs_controller.rb:8:in `index'
Completed 200 OK in 4ms (Views: 3.0ms | ActiveRecord: 0.5ms | Allocations: 1428)


Started GET "/songs/" for ::1 at 2020-11-16 12:03:05 -0600
Processing by SongsController#index as */*
  [1m[36mSong Load (1.3ms)[0m  [1m[34mSELECT "songs".* FROM "songs"[0m
  ↳ app/controllers/songs_controller.rb:8:in `index'
Completed 200 OK in 7ms (Views: 4.4ms | ActiveRecord: 1.3ms | Allocations: 1429)


Started GET "/songs/" for ::1 at 2020-11-16 12:03:19 -0600
Processing by SongsController#index as */*
  [1m[36mSong Load (0.4ms)[0m  [1m[34mSELECT "songs".* FROM "songs"[0m
  ↳ app/controllers/songs_controller.rb:8:in `index'
Completed 200 OK in 8ms (Views: 6.7ms | ActiveRecord: 0.4ms | Allocations: 1428)


Started GET "/songs/" for ::1 at 2020-11-16 12:03:23 -0600
Processing by SongsController#index as */*
  [1m[36mSong Load (1.4ms)[0m  [1m[34mSELECT "songs".* FROM "songs"[0m
  ↳ app/controllers/songs_controller.rb:8:in `index'
Completed 200 OK in 6ms (Views: 3.7ms | ActiveRecord: 1.4ms | Allocations: 1428)


Started GET "/songs/" for ::1 at 2020-11-16 12:03:25 -0600
Processing by SongsController#index as */*
  [1m[36mSong Load (7.8ms)[0m  [1m[34mSELECT "songs".* FROM "songs"[0m
  ↳ app/controllers/songs_controller.rb:8:in `index'
Completed 200 OK in 13ms (Views: 4.8ms | ActiveRecord: 7.8ms | Allocations: 1428)


Started GET "/songs/" for ::1 at 2020-11-16 12:03:29 -0600
Processing by SongsController#index as */*
  [1m[36mSong Load (0.5ms)[0m  [1m[34mSELECT "songs".* FROM "songs"[0m
  ↳ app/controllers/songs_controller.rb:8:in `index'
Completed 200 OK in 6ms (Views: 4.9ms | ActiveRecord: 0.5ms | Allocations: 1428)


Started GET "/songs/" for ::1 at 2020-11-16 12:03:31 -0600
Processing by SongsController#index as */*
  [1m[36mSong Load (1.0ms)[0m  [1m[34mSELECT "songs".* FROM "songs"[0m
  ↳ app/controllers/songs_controller.rb:8:in `index'
Completed 200 OK in 5ms (Views: 3.3ms | ActiveRecord: 1.0ms | Allocations: 1428)


Started GET "/songs/" for ::1 at 2020-11-16 12:03:41 -0600
Processing by SongsController#index as */*
  [1m[36mSong Load (0.5ms)[0m  [1m[34mSELECT "songs".* FROM "songs"[0m
  ↳ app/controllers/songs_controller.rb:8:in `index'
Completed 200 OK in 10ms (Views: 8.8ms | ActiveRecord: 0.5ms | Allocations: 1428)


Started GET "/songs/" for ::1 at 2020-11-16 12:03:43 -0600
Processing by SongsController#index as */*
  [1m[36mSong Load (1.5ms)[0m  [1m[34mSELECT "songs".* FROM "songs"[0m
  ↳ app/controllers/songs_controller.rb:8:in `index'
Completed 200 OK in 28ms (Views: 25.3ms | ActiveRecord: 1.5ms | Allocations: 1429)


Started GET "/songs/" for ::1 at 2020-11-16 12:03:52 -0600
Processing by SongsController#index as */*
  [1m[36mSong Load (0.4ms)[0m  [1m[34mSELECT "songs".* FROM "songs"[0m
  ↳ app/controllers/songs_controller.rb:8:in `index'
Completed 200 OK in 3ms (Views: 2.8ms | ActiveRecord: 0.4ms | Allocations: 1429)


Started GET "/songs/" for ::1 at 2020-11-16 12:03:53 -0600
Processing by SongsController#index as */*
  [1m[36mSong Load (1.2ms)[0m  [1m[34mSELECT "songs".* FROM "songs"[0m
  ↳ app/controllers/songs_controller.rb:8:in `index'
Completed 200 OK in 4ms (Views: 2.8ms | ActiveRecord: 1.2ms | Allocations: 1429)


Started GET "/songs/" for ::1 at 2020-11-16 12:04:10 -0600
Processing by SongsController#index as */*
  [1m[36mSong Load (1.0ms)[0m  [1m[34mSELECT "songs".* FROM "songs"[0m
  ↳ app/controllers/songs_controller.rb:8:in `index'
Completed 200 OK in 5ms (Views: 3.2ms | ActiveRecord: 1.0ms | Allocations: 1428)


Started GET "/songs/" for ::1 at 2020-11-16 12:04:12 -0600
Processing by SongsController#index as */*
  [1m[36mSong Load (0.7ms)[0m  [1m[34mSELECT "songs".* FROM "songs"[0m
  ↳ app/controllers/songs_controller.rb:8:in `index'
Completed 200 OK in 4ms (Views: 3.4ms | ActiveRecord: 0.7ms | Allocations: 1428)


Started GET "/songs/" for ::1 at 2020-11-16 12:04:23 -0600
Processing by SongsController#index as */*
  [1m[36mSong Load (0.7ms)[0m  [1m[34mSELECT "songs".* FROM "songs"[0m
  ↳ app/controllers/songs_controller.rb:8:in `index'
Completed 200 OK in 3ms (Views: 2.4ms | ActiveRecord: 0.7ms | Allocations: 1428)


Started GET "/songs/" for ::1 at 2020-11-16 12:04:27 -0600
Processing by SongsController#index as */*
  [1m[36mSong Load (0.9ms)[0m  [1m[34mSELECT "songs".* FROM "songs"[0m
  ↳ app/controllers/songs_controller.rb:8:in `index'
Completed 200 OK in 6ms (Views: 3.9ms | ActiveRecord: 0.9ms | Allocations: 1428)


Started GET "/songs/" for ::1 at 2020-11-16 12:05:03 -0600
Processing by SongsController#index as */*
  [1m[36mSong Load (0.5ms)[0m  [1m[34mSELECT "songs".* FROM "songs"[0m
  ↳ app/controllers/songs_controller.rb:8:in `index'
Completed 200 OK in 4ms (Views: 3.6ms | ActiveRecord: 0.5ms | Allocations: 1428)


Started GET "/songs/" for ::1 at 2020-11-16 12:05:08 -0600
Processing by SongsController#index as */*
  [1m[36mSong Load (0.5ms)[0m  [1m[34mSELECT "songs".* FROM "songs"[0m
  ↳ app/controllers/songs_controller.rb:8:in `index'
Completed 200 OK in 4ms (Views: 3.6ms | ActiveRecord: 0.5ms | Allocations: 1429)


Started GET "/songs/" for ::1 at 2020-11-16 12:05:17 -0600
Processing by SongsController#index as */*
  [1m[36mSong Load (0.4ms)[0m  [1m[34mSELECT "songs".* FROM "songs"[0m
  ↳ app/controllers/songs_controller.rb:8:in `index'
Completed 200 OK in 3ms (Views: 2.8ms | ActiveRecord: 0.4ms | Allocations: 1428)


Started GET "/songs/" for ::1 at 2020-11-16 12:05:27 -0600
Processing by SongsController#index as */*
  [1m[36mSong Load (0.4ms)[0m  [1m[34mSELECT "songs".* FROM "songs"[0m
  ↳ app/controllers/songs_controller.rb:8:in `index'
Completed 200 OK in 4ms (Views: 3.6ms | ActiveRecord: 0.4ms | Allocations: 1428)


Started GET "/songs/" for ::1 at 2020-11-16 12:05:41 -0600
Processing by SongsController#index as */*
  [1m[36mSong Load (0.7ms)[0m  [1m[34mSELECT "songs".* FROM "songs"[0m
  ↳ app/controllers/songs_controller.rb:8:in `index'
Completed 200 OK in 8ms (Views: 6.5ms | ActiveRecord: 0.7ms | Allocations: 1428)


Started GET "/songs/" for ::1 at 2020-11-16 12:06:39 -0600
Processing by SongsController#index as */*
  [1m[36mSong Load (0.9ms)[0m  [1m[34mSELECT "songs".* FROM "songs"[0m
  ↳ app/controllers/songs_controller.rb:8:in `index'
Completed 200 OK in 5ms (Views: 3.8ms | ActiveRecord: 0.9ms | Allocations: 1428)


Started GET "/songs/" for ::1 at 2020-11-16 12:10:25 -0600
Processing by SongsController#index as */*
  [1m[36mSong Load (0.8ms)[0m  [1m[34mSELECT "songs".* FROM "songs"[0m
  ↳ app/controllers/songs_controller.rb:8:in `index'
Completed 200 OK in 15ms (Views: 11.5ms | ActiveRecord: 0.8ms | Allocations: 1428)


Started GET "/songs/" for ::1 at 2020-11-16 12:10:42 -0600
Processing by SongsController#index as */*
  [1m[36mSong Load (0.7ms)[0m  [1m[34mSELECT "songs".* FROM "songs"[0m
  ↳ app/controllers/songs_controller.rb:8:in `index'
Completed 200 OK in 6ms (Views: 4.6ms | ActiveRecord: 0.7ms | Allocations: 1428)


Started GET "/songs/" for ::1 at 2020-11-16 12:10:46 -0600
Processing by SongsController#index as */*
  [1m[36mSong Load (0.5ms)[0m  [1m[34mSELECT "songs".* FROM "songs"[0m
  ↳ app/controllers/songs_controller.rb:8:in `index'
Completed 200 OK in 5ms (Views: 3.7ms | ActiveRecord: 0.5ms | Allocations: 1428)


Started GET "/songs/" for ::1 at 2020-11-16 12:10:53 -0600
Processing by SongsController#index as */*
  [1m[36mSong Load (0.7ms)[0m  [1m[34mSELECT "songs".* FROM "songs"[0m
  ↳ app/controllers/songs_controller.rb:8:in `index'
Completed 200 OK in 6ms (Views: 4.9ms | ActiveRecord: 0.7ms | Allocations: 1428)


Started GET "/songs/" for ::1 at 2020-11-16 12:11:07 -0600
Processing by SongsController#index as */*
  [1m[36mSong Load (0.4ms)[0m  [1m[34mSELECT "songs".* FROM "songs"[0m
  ↳ app/controllers/songs_controller.rb:8:in `index'
Completed 200 OK in 4ms (Views: 3.3ms | ActiveRecord: 0.4ms | Allocations: 1428)


Started GET "/songs/" for ::1 at 2020-11-16 12:11:10 -0600
Processing by SongsController#index as */*
  [1m[36mSong Load (0.7ms)[0m  [1m[34mSELECT "songs".* FROM "songs"[0m
  ↳ app/controllers/songs_controller.rb:8:in `index'
Completed 200 OK in 4ms (Views: 3.1ms | ActiveRecord: 0.7ms | Allocations: 1428)


Started GET "/songs/" for ::1 at 2020-11-16 12:11:15 -0600
Processing by SongsController#index as */*
  [1m[36mSong Load (4.4ms)[0m  [1m[34mSELECT "songs".* FROM "songs"[0m
  ↳ app/controllers/songs_controller.rb:8:in `index'
Completed 200 OK in 11ms (Views: 6.0ms | ActiveRecord: 4.4ms | Allocations: 1428)


Started GET "/songs/" for ::1 at 2020-11-16 12:12:24 -0600
Processing by SongsController#index as */*
  [1m[36mSong Load (0.7ms)[0m  [1m[34mSELECT "songs".* FROM "songs"[0m
  ↳ app/controllers/songs_controller.rb:8:in `index'
Completed 200 OK in 5ms (Views: 3.4ms | ActiveRecord: 0.7ms | Allocations: 1428)


Started GET "/songs/" for ::1 at 2020-11-16 12:12:41 -0600
Processing by SongsController#index as */*
  [1m[36mSong Load (0.5ms)[0m  [1m[34mSELECT "songs".* FROM "songs"[0m
  ↳ app/controllers/songs_controller.rb:8:in `index'
Completed 200 OK in 4ms (Views: 3.3ms | ActiveRecord: 0.5ms | Allocations: 1428)


Started GET "/songs/" for ::1 at 2020-11-16 12:13:08 -0600
Processing by SongsController#index as */*
  [1m[36mSong Load (1.0ms)[0m  [1m[34mSELECT "songs".* FROM "songs"[0m
  ↳ app/controllers/songs_controller.rb:8:in `index'
Completed 200 OK in 5ms (Views: 4.1ms | ActiveRecord: 1.0ms | Allocations: 1428)


Started GET "/songs/" for ::1 at 2020-11-16 12:13:14 -0600
Processing by SongsController#index as */*
  [1m[36mSong Load (0.4ms)[0m  [1m[34mSELECT "songs".* FROM "songs"[0m
  ↳ app/controllers/songs_controller.rb:8:in `index'
Completed 200 OK in 4ms (Views: 3.2ms | ActiveRecord: 0.4ms | Allocations: 1429)


Started GET "/songs/" for ::1 at 2020-11-16 12:13:20 -0600
Processing by SongsController#index as */*
  [1m[36mSong Load (1.1ms)[0m  [1m[34mSELECT "songs".* FROM "songs"[0m
  ↳ app/controllers/songs_controller.rb:8:in `index'
Completed 200 OK in 6ms (Views: 4.6ms | ActiveRecord: 1.1ms | Allocations: 1428)


Started GET "/songs/" for ::1 at 2020-11-16 12:13:25 -0600
Processing by SongsController#index as */*
  [1m[36mSong Load (1.2ms)[0m  [1m[34mSELECT "songs".* FROM "songs"[0m
  ↳ app/controllers/songs_controller.rb:8:in `index'
Completed 200 OK in 5ms (Views: 4.0ms | ActiveRecord: 1.2ms | Allocations: 1428)


Started GET "/songs/" for ::1 at 2020-11-16 12:13:32 -0600
Processing by SongsController#index as */*
  [1m[36mSong Load (2.9ms)[0m  [1m[34mSELECT "songs".* FROM "songs"[0m
  ↳ app/controllers/songs_controller.rb:8:in `index'
Completed 200 OK in 14ms (Views: 10.6ms | ActiveRecord: 2.9ms | Allocations: 1428)


Started GET "/songs/" for ::1 at 2020-11-16 12:13:51 -0600
Processing by SongsController#index as */*
  [1m[36mSong Load (0.5ms)[0m  [1m[34mSELECT "songs".* FROM "songs"[0m
  ↳ app/controllers/songs_controller.rb:8:in `index'
Completed 200 OK in 6ms (Views: 5.3ms | ActiveRecord: 0.5ms | Allocations: 1428)


Started GET "/songs/" for ::1 at 2020-11-16 12:14:06 -0600
Processing by SongsController#index as */*
  [1m[36mSong Load (1.5ms)[0m  [1m[34mSELECT "songs".* FROM "songs"[0m
  ↳ app/controllers/songs_controller.rb:8:in `index'
Completed 200 OK in 7ms (Views: 4.9ms | ActiveRecord: 1.5ms | Allocations: 1428)


Started GET "/songs/" for ::1 at 2020-11-16 12:14:18 -0600
Processing by SongsController#index as */*
  [1m[36mSong Load (7.8ms)[0m  [1m[34mSELECT "songs".* FROM "songs"[0m
  ↳ app/controllers/songs_controller.rb:8:in `index'
Completed 200 OK in 15ms (Views: 7.1ms | ActiveRecord: 7.8ms | Allocations: 1429)


Started GET "/songs/" for ::1 at 2020-11-16 12:16:08 -0600
Processing by SongsController#index as */*
  [1m[36mSong Load (0.4ms)[0m  [1m[34mSELECT "songs".* FROM "songs"[0m
  ↳ app/controllers/songs_controller.rb:8:in `index'
Completed 200 OK in 4ms (Views: 3.1ms | ActiveRecord: 0.4ms | Allocations: 1429)


Started GET "/songs/" for ::1 at 2020-11-16 12:16:46 -0600
Processing by SongsController#index as */*
  [1m[36mSong Load (0.5ms)[0m  [1m[34mSELECT "songs".* FROM "songs"[0m
  ↳ app/controllers/songs_controller.rb:8:in `index'
Completed 200 OK in 4ms (Views: 3.1ms | ActiveRecord: 0.5ms | Allocations: 1429)


Started GET "/songs/" for ::1 at 2020-11-16 12:21:22 -0600
Processing by SongsController#index as */*
  [1m[36mSong Load (2.9ms)[0m  [1m[34mSELECT "songs".* FROM "songs"[0m
  ↳ app/controllers/songs_controller.rb:8:in `index'
Completed 200 OK in 8ms (Views: 4.3ms | ActiveRecord: 2.9ms | Allocations: 1428)


Started GET "/songs/" for ::1 at 2020-11-16 12:21:40 -0600
Processing by SongsController#index as */*
  [1m[36mSong Load (3.7ms)[0m  [1m[34mSELECT "songs".* FROM "songs"[0m
  ↳ app/controllers/songs_controller.rb:8:in `index'
Completed 200 OK in 14ms (Views: 7.2ms | ActiveRecord: 3.7ms | Allocations: 1428)


Started GET "/songs/" for ::1 at 2020-11-16 12:21:53 -0600
Processing by SongsController#index as */*
  [1m[36mSong Load (1.8ms)[0m  [1m[34mSELECT "songs".* FROM "songs"[0m
  ↳ app/controllers/songs_controller.rb:8:in `index'
Completed 200 OK in 7ms (Views: 5.0ms | ActiveRecord: 1.8ms | Allocations: 1428)


Started GET "/songs/" for ::1 at 2020-11-16 12:22:01 -0600
Processing by SongsController#index as */*
  [1m[36mSong Load (0.6ms)[0m  [1m[34mSELECT "songs".* FROM "songs"[0m
  ↳ app/controllers/songs_controller.rb:8:in `index'
Completed 200 OK in 5ms (Views: 4.3ms | ActiveRecord: 0.6ms | Allocations: 1428)


Started GET "/songs/" for ::1 at 2020-11-16 12:22:06 -0600
Processing by SongsController#index as */*
  [1m[36mSong Load (0.5ms)[0m  [1m[34mSELECT "songs".* FROM "songs"[0m
  ↳ app/controllers/songs_controller.rb:8:in `index'
Completed 200 OK in 4ms (Views: 2.6ms | ActiveRecord: 0.5ms | Allocations: 1429)


Started GET "/songs/" for ::1 at 2020-11-16 12:24:45 -0600
Processing by SongsController#index as */*
  [1m[36mSong Load (0.4ms)[0m  [1m[34mSELECT "songs".* FROM "songs"[0m
  ↳ app/controllers/songs_controller.rb:8:in `index'
Completed 200 OK in 6ms (Views: 5.1ms | ActiveRecord: 0.4ms | Allocations: 1428)


Started GET "/songs/" for ::1 at 2020-11-16 12:24:52 -0600
Processing by SongsController#index as */*
  [1m[36mSong Load (1.4ms)[0m  [1m[34mSELECT "songs".* FROM "songs"[0m
  ↳ app/controllers/songs_controller.rb:8:in `index'
Completed 200 OK in 6ms (Views: 4.3ms | ActiveRecord: 1.4ms | Allocations: 1428)


Started GET "/songs/" for ::1 at 2020-11-16 12:24:59 -0600
Processing by SongsController#index as */*
  [1m[36mSong Load (0.9ms)[0m  [1m[34mSELECT "songs".* FROM "songs"[0m
  ↳ app/controllers/songs_controller.rb:8:in `index'
Completed 200 OK in 5ms (Views: 3.6ms | ActiveRecord: 0.9ms | Allocations: 1428)


Started GET "/songs/" for ::1 at 2020-11-16 12:25:03 -0600
Processing by SongsController#index as */*
  [1m[36mSong Load (0.5ms)[0m  [1m[34mSELECT "songs".* FROM "songs"[0m
  ↳ app/controllers/songs_controller.rb:8:in `index'
Completed 200 OK in 3ms (Views: 2.6ms | ActiveRecord: 0.5ms | Allocations: 1428)


Started GET "/songs/" for ::1 at 2020-11-16 12:25:07 -0600
Processing by SongsController#index as */*
  [1m[36mSong Load (2.4ms)[0m  [1m[34mSELECT "songs".* FROM "songs"[0m
  ↳ app/controllers/songs_controller.rb:8:in `index'
Completed 200 OK in 9ms (Views: 6.8ms | ActiveRecord: 2.4ms | Allocations: 1428)


Started GET "/songs/" for ::1 at 2020-11-16 12:25:09 -0600
Processing by SongsController#index as */*
  [1m[36mSong Load (0.4ms)[0m  [1m[34mSELECT "songs".* FROM "songs"[0m
  ↳ app/controllers/songs_controller.rb:8:in `index'
Completed 200 OK in 7ms (Views: 6.2ms | ActiveRecord: 0.4ms | Allocations: 1428)


Started GET "/songs/" for ::1 at 2020-11-16 12:25:12 -0600
Processing by SongsController#index as */*
  [1m[36mSong Load (1.2ms)[0m  [1m[34mSELECT "songs".* FROM "songs"[0m
  ↳ app/controllers/songs_controller.rb:8:in `index'
Completed 200 OK in 6ms (Views: 4.4ms | ActiveRecord: 1.2ms | Allocations: 1428)


Started GET "/songs/" for ::1 at 2020-11-16 12:25:14 -0600
Processing by SongsController#index as */*
  [1m[36mSong Load (0.4ms)[0m  [1m[34mSELECT "songs".* FROM "songs"[0m
  ↳ app/controllers/songs_controller.rb:8:in `index'
Completed 200 OK in 3ms (Views: 2.3ms | ActiveRecord: 0.4ms | Allocations: 1428)


Started GET "/songs/" for ::1 at 2020-11-16 12:25:28 -0600
Processing by SongsController#index as */*
  [1m[36mSong Load (0.5ms)[0m  [1m[34mSELECT "songs".* FROM "songs"[0m
  ↳ app/controllers/songs_controller.rb:8:in `index'
Completed 200 OK in 4ms (Views: 3.0ms | ActiveRecord: 0.5ms | Allocations: 1428)


Started GET "/songs/" for ::1 at 2020-11-16 12:25:45 -0600
Processing by SongsController#index as */*
  [1m[36mSong Load (0.6ms)[0m  [1m[34mSELECT "songs".* FROM "songs"[0m
  ↳ app/controllers/songs_controller.rb:8:in `index'
Completed 200 OK in 4ms (Views: 3.1ms | ActiveRecord: 0.6ms | Allocations: 1428)


Started GET "/songs/" for ::1 at 2020-11-16 12:25:49 -0600
Processing by SongsController#index as */*
  [1m[36mSong Load (0.4ms)[0m  [1m[34mSELECT "songs".* FROM "songs"[0m
  ↳ app/controllers/songs_controller.rb:8:in `index'
Completed 200 OK in 4ms (Views: 3.1ms | ActiveRecord: 0.4ms | Allocations: 1428)


Started GET "/songs/" for ::1 at 2020-11-16 12:25:51 -0600
Processing by SongsController#index as */*
  [1m[36mSong Load (1.1ms)[0m  [1m[34mSELECT "songs".* FROM "songs"[0m
  ↳ app/controllers/songs_controller.rb:8:in `index'
Completed 200 OK in 5ms (Views: 3.9ms | ActiveRecord: 1.1ms | Allocations: 1428)


Started GET "/songs/" for ::1 at 2020-11-16 12:25:56 -0600
Processing by SongsController#index as */*
  [1m[36mSong Load (0.4ms)[0m  [1m[34mSELECT "songs".* FROM "songs"[0m
  ↳ app/controllers/songs_controller.rb:8:in `index'
Completed 200 OK in 3ms (Views: 2.7ms | ActiveRecord: 0.4ms | Allocations: 1428)


Started POST "/songs/" for ::1 at 2020-11-16 12:26:05 -0600
Processing by SongsController#create as */*
  Parameters: {"id"=>5, "artist"=>"Sia", "title"=>"Courage to Change", "time"=>"4:50", "created_at"=>"2020-11-16T15:57:08.296Z", "updated_at"=>"2020-11-16T15:57:08.296Z", "song"=>{"id"=>5, "artist"=>"Sia", "title"=>"Courage to Change", "time"=>"4:50", "created_at"=>"2020-11-16T15:57:08.296Z", "updated_at"=>"2020-11-16T15:57:08.296Z"}}
[31mUnpermitted parameters: :id, :created_at, :updated_at[0m
  [1m[35m (0.3ms)[0m  [1m[35mBEGIN[0m
  ↳ app/controllers/songs_controller.rb:20:in `create'
  [1m[36mSong Create (6.9ms)[0m  [1m[32mINSERT INTO "songs" ("artist", "title", "time", "created_at", "updated_at") VALUES ($1, $2, $3, $4, $5) RETURNING "id"[0m  [["artist", "Sia"], ["title", "Courage to Change"], ["time", "4:50"], ["created_at", "2020-11-16 18:26:05.557107"], ["updated_at", "2020-11-16 18:26:05.557107"]]
  ↳ app/controllers/songs_controller.rb:20:in `create'
  [1m[35m (0.8ms)[0m  [1m[35mCOMMIT[0m
  ↳ app/controllers/songs_controller.rb:20:in `create'
Completed 201 Created in 33ms (Views: 2.1ms | ActiveRecord: 8.0ms | Allocations: 2799)


Started GET "/songs/" for ::1 at 2020-11-16 12:26:05 -0600
Processing by SongsController#index as */*
  [1m[36mSong Load (0.3ms)[0m  [1m[34mSELECT "songs".* FROM "songs"[0m
  ↳ app/controllers/songs_controller.rb:8:in `index'
Completed 200 OK in 3ms (Views: 2.3ms | ActiveRecord: 0.3ms | Allocations: 1549)


Started POST "/songs/" for ::1 at 2020-11-16 12:26:29 -0600
Processing by SongsController#create as */*
  Parameters: {"id"=>5, "artist"=>"artist", "title"=>"new song", "time"=>"3:00", "created_at"=>"2020-11-16T15:57:08.296Z", "updated_at"=>"2020-11-16T15:57:08.296Z", "song"=>{"id"=>5, "artist"=>"artist", "title"=>"new song", "time"=>"3:00", "created_at"=>"2020-11-16T15:57:08.296Z", "updated_at"=>"2020-11-16T15:57:08.296Z"}}
[31mUnpermitted parameters: :id, :created_at, :updated_at[0m
  [1m[35m (0.2ms)[0m  [1m[35mBEGIN[0m
  ↳ app/controllers/songs_controller.rb:20:in `create'
  [1m[36mSong Create (0.4ms)[0m  [1m[32mINSERT INTO "songs" ("artist", "title", "time", "created_at", "updated_at") VALUES ($1, $2, $3, $4, $5) RETURNING "id"[0m  [["artist", "artist"], ["title", "new song"], ["time", "3:00"], ["created_at", "2020-11-16 18:26:29.829517"], ["updated_at", "2020-11-16 18:26:29.829517"]]
  ↳ app/controllers/songs_controller.rb:20:in `create'
  [1m[35m (0.4ms)[0m  [1m[35mCOMMIT[0m
  ↳ app/controllers/songs_controller.rb:20:in `create'
Completed 201 Created in 6ms (Views: 0.4ms | ActiveRecord: 1.0ms | Allocations: 2582)


Started GET "/songs/" for ::1 at 2020-11-16 12:26:29 -0600
Processing by SongsController#index as */*
  [1m[36mSong Load (0.4ms)[0m  [1m[34mSELECT "songs".* FROM "songs"[0m
  ↳ app/controllers/songs_controller.rb:8:in `index'
Completed 200 OK in 4ms (Views: 3.7ms | ActiveRecord: 0.4ms | Allocations: 1668)


Started GET "/songs/" for ::1 at 2020-11-16 13:24:29 -0600
Processing by SongsController#index as */*
  [1m[36mSong Load (2.1ms)[0m  [1m[34mSELECT "songs".* FROM "songs"[0m
  ↳ app/controllers/songs_controller.rb:8:in `index'
Completed 200 OK in 17ms (Views: 12.4ms | ActiveRecord: 2.1ms | Allocations: 1743)


Started GET "/songs/" for ::1 at 2020-11-16 13:24:52 -0600
Processing by SongsController#index as */*
  [1m[36mSong Load (2.8ms)[0m  [1m[34mSELECT "songs".* FROM "songs"[0m
  ↳ app/controllers/songs_controller.rb:8:in `index'
Completed 200 OK in 8ms (Views: 5.3ms | ActiveRecord: 2.8ms | Allocations: 1668)


Started GET "/songs/" for ::1 at 2020-11-16 13:25:34 -0600
Processing by SongsController#index as */*
  [1m[36mSong Load (0.5ms)[0m  [1m[34mSELECT "songs".* FROM "songs"[0m
  ↳ app/controllers/songs_controller.rb:8:in `index'
Completed 200 OK in 5ms (Views: 3.7ms | ActiveRecord: 0.5ms | Allocations: 1668)


Started GET "/songs/" for ::1 at 2020-11-16 13:25:36 -0600
Processing by SongsController#index as */*
  [1m[36mSong Load (0.4ms)[0m  [1m[34mSELECT "songs".* FROM "songs"[0m
  ↳ app/controllers/songs_controller.rb:8:in `index'
Completed 200 OK in 5ms (Views: 4.2ms | ActiveRecord: 0.4ms | Allocations: 1668)


Started GET "/songs/" for ::1 at 2020-11-16 13:25:57 -0600
Processing by SongsController#index as */*
  [1m[36mSong Load (1.1ms)[0m  [1m[34mSELECT "songs".* FROM "songs"[0m
  ↳ app/controllers/songs_controller.rb:8:in `index'
Completed 200 OK in 6ms (Views: 5.1ms | ActiveRecord: 1.1ms | Allocations: 1669)


Started GET "/songs/" for ::1 at 2020-11-16 13:26:33 -0600
Processing by SongsController#index as */*
  [1m[36mSong Load (0.5ms)[0m  [1m[34mSELECT "songs".* FROM "songs"[0m
  ↳ app/controllers/songs_controller.rb:8:in `index'
Completed 200 OK in 4ms (Views: 2.9ms | ActiveRecord: 0.5ms | Allocations: 1668)


Started GET "/songs/" for ::1 at 2020-11-16 13:26:50 -0600
Processing by SongsController#index as */*
  [1m[36mSong Load (1.3ms)[0m  [1m[34mSELECT "songs".* FROM "songs"[0m
  ↳ app/controllers/songs_controller.rb:8:in `index'
Completed 200 OK in 8ms (Views: 6.4ms | ActiveRecord: 1.3ms | Allocations: 1668)


Started GET "/songs/" for ::1 at 2020-11-16 13:26:53 -0600
Processing by SongsController#index as */*
  [1m[36mSong Load (3.9ms)[0m  [1m[34mSELECT "songs".* FROM "songs"[0m
  ↳ app/controllers/songs_controller.rb:8:in `index'
Completed 200 OK in 17ms (Views: 12.3ms | ActiveRecord: 3.9ms | Allocations: 1668)


Started GET "/songs/" for ::1 at 2020-11-16 13:26:56 -0600
Processing by SongsController#index as */*
  [1m[36mSong Load (2.6ms)[0m  [1m[34mSELECT "songs".* FROM "songs"[0m
  ↳ app/controllers/songs_controller.rb:8:in `index'
Completed 200 OK in 6ms (Views: 3.3ms | ActiveRecord: 2.6ms | Allocations: 1668)


Started GET "/songs/" for ::1 at 2020-11-16 13:27:26 -0600
Processing by SongsController#index as */*
  [1m[36mSong Load (1.5ms)[0m  [1m[34mSELECT "songs".* FROM "songs"[0m
  ↳ app/controllers/songs_controller.rb:8:in `index'
Completed 200 OK in 6ms (Views: 4.6ms | ActiveRecord: 1.5ms | Allocations: 1668)


Started GET "/songs/" for ::1 at 2020-11-16 13:27:28 -0600
Processing by SongsController#index as */*
  [1m[36mSong Load (0.9ms)[0m  [1m[34mSELECT "songs".* FROM "songs"[0m
  ↳ app/controllers/songs_controller.rb:8:in `index'
Completed 200 OK in 5ms (Views: 3.0ms | ActiveRecord: 0.9ms | Allocations: 1668)


Started GET "/songs/" for ::1 at 2020-11-16 13:27:35 -0600
Processing by SongsController#index as */*
  [1m[36mSong Load (0.6ms)[0m  [1m[34mSELECT "songs".* FROM "songs"[0m
  ↳ app/controllers/songs_controller.rb:8:in `index'
Completed 200 OK in 4ms (Views: 3.5ms | ActiveRecord: 0.6ms | Allocations: 1668)


Started GET "/songs/" for ::1 at 2020-11-16 13:27:45 -0600
Processing by SongsController#index as */*
  [1m[36mSong Load (0.8ms)[0m  [1m[34mSELECT "songs".* FROM "songs"[0m
  ↳ app/controllers/songs_controller.rb:8:in `index'
Completed 200 OK in 4ms (Views: 2.9ms | ActiveRecord: 0.8ms | Allocations: 1668)


Started GET "/songs/" for ::1 at 2020-11-16 13:27:54 -0600
Processing by SongsController#index as */*
  [1m[36mSong Load (0.4ms)[0m  [1m[34mSELECT "songs".* FROM "songs"[0m
  ↳ app/controllers/songs_controller.rb:8:in `index'
Completed 200 OK in 4ms (Views: 3.5ms | ActiveRecord: 0.4ms | Allocations: 1668)


Started GET "/songs/" for ::1 at 2020-11-16 13:28:59 -0600
Processing by SongsController#index as */*
  [1m[36mSong Load (3.0ms)[0m  [1m[34mSELECT "songs".* FROM "songs"[0m
  ↳ app/controllers/songs_controller.rb:8:in `index'
Completed 200 OK in 7ms (Views: 4.2ms | ActiveRecord: 3.0ms | Allocations: 1668)


Started GET "/songs/" for ::1 at 2020-11-16 13:29:03 -0600
Processing by SongsController#index as */*
  [1m[36mSong Load (0.5ms)[0m  [1m[34mSELECT "songs".* FROM "songs"[0m
  ↳ app/controllers/songs_controller.rb:8:in `index'
Completed 200 OK in 5ms (Views: 3.8ms | ActiveRecord: 0.5ms | Allocations: 1668)


Started GET "/songs/" for ::1 at 2020-11-16 13:29:48 -0600
Processing by SongsController#index as */*
  [1m[36mSong Load (0.9ms)[0m  [1m[34mSELECT "songs".* FROM "songs"[0m
  ↳ app/controllers/songs_controller.rb:8:in `index'
Completed 200 OK in 5ms (Views: 4.1ms | ActiveRecord: 0.9ms | Allocations: 1668)


Started GET "/songs/" for ::1 at 2020-11-16 13:29:51 -0600
Processing by SongsController#index as */*
  [1m[36mSong Load (0.4ms)[0m  [1m[34mSELECT "songs".* FROM "songs"[0m
  ↳ app/controllers/songs_controller.rb:8:in `index'
Completed 200 OK in 3ms (Views: 2.7ms | ActiveRecord: 0.4ms | Allocations: 1668)


Started GET "/songs/" for ::1 at 2020-11-16 13:29:55 -0600
Processing by SongsController#index as */*
  [1m[36mSong Load (0.4ms)[0m  [1m[34mSELECT "songs".* FROM "songs"[0m
  ↳ app/controllers/songs_controller.rb:8:in `index'
Completed 200 OK in 4ms (Views: 3.4ms | ActiveRecord: 0.4ms | Allocations: 1669)


Started GET "/songs/" for ::1 at 2020-11-16 13:31:09 -0600
Processing by SongsController#index as */*
  [1m[36mSong Load (0.4ms)[0m  [1m[34mSELECT "songs".* FROM "songs"[0m
  ↳ app/controllers/songs_controller.rb:8:in `index'
Completed 200 OK in 8ms (Views: 6.8ms | ActiveRecord: 0.4ms | Allocations: 1668)


Started GET "/songs/" for ::1 at 2020-11-16 13:34:42 -0600
Processing by SongsController#index as */*
  [1m[36mSong Load (0.8ms)[0m  [1m[34mSELECT "songs".* FROM "songs"[0m
  ↳ app/controllers/songs_controller.rb:8:in `index'
Completed 200 OK in 8ms (Views: 6.6ms | ActiveRecord: 0.8ms | Allocations: 1668)


Started GET "/songs/" for ::1 at 2020-11-16 13:43:40 -0600
Processing by SongsController#index as */*
  [1m[36mSong Load (1.0ms)[0m  [1m[34mSELECT "songs".* FROM "songs"[0m
  ↳ app/controllers/songs_controller.rb:8:in `index'
Completed 200 OK in 12ms (Views: 8.8ms | ActiveRecord: 1.0ms | Allocations: 1743)


Started GET "/songs/" for ::1 at 2020-11-16 13:43:57 -0600
Processing by SongsController#index as */*
  [1m[36mSong Load (0.4ms)[0m  [1m[34mSELECT "songs".* FROM "songs"[0m
  ↳ app/controllers/songs_controller.rb:8:in `index'
Completed 200 OK in 4ms (Views: 3.5ms | ActiveRecord: 0.4ms | Allocations: 1668)


Started GET "/songs/" for ::1 at 2020-11-16 13:44:01 -0600
Processing by SongsController#index as */*
  [1m[36mSong Load (0.5ms)[0m  [1m[34mSELECT "songs".* FROM "songs"[0m
  ↳ app/controllers/songs_controller.rb:8:in `index'
Completed 200 OK in 6ms (Views: 4.6ms | ActiveRecord: 0.5ms | Allocations: 1668)


Started GET "/songs/" for ::1 at 2020-11-16 13:44:10 -0600
Processing by SongsController#index as */*
  [1m[36mSong Load (0.8ms)[0m  [1m[34mSELECT "songs".* FROM "songs"[0m
  ↳ app/controllers/songs_controller.rb:8:in `index'
Completed 200 OK in 5ms (Views: 3.5ms | ActiveRecord: 0.8ms | Allocations: 1669)


Started GET "/songs/" for ::1 at 2020-11-16 13:44:46 -0600
Processing by SongsController#index as */*
  [1m[36mSong Load (0.5ms)[0m  [1m[34mSELECT "songs".* FROM "songs"[0m
  ↳ app/controllers/songs_controller.rb:8:in `index'
Completed 200 OK in 4ms (Views: 3.3ms | ActiveRecord: 0.5ms | Allocations: 1668)


Started GET "/songs/" for ::1 at 2020-11-16 13:45:36 -0600
Processing by SongsController#index as */*
  [1m[36mSong Load (0.8ms)[0m  [1m[34mSELECT "songs".* FROM "songs"[0m
  ↳ app/controllers/songs_controller.rb:8:in `index'
Completed 200 OK in 5ms (Views: 3.7ms | ActiveRecord: 0.8ms | Allocations: 1668)


Started GET "/songs/" for ::1 at 2020-11-16 13:45:37 -0600
Processing by SongsController#index as */*
  [1m[36mSong Load (2.8ms)[0m  [1m[34mSELECT "songs".* FROM "songs"[0m
  ↳ app/controllers/songs_controller.rb:8:in `index'
Completed 200 OK in 8ms (Views: 5.3ms | ActiveRecord: 2.8ms | Allocations: 1668)


Started GET "/songs/" for ::1 at 2020-11-16 13:46:54 -0600
Processing by SongsController#index as */*
  [1m[36mSong Load (3.1ms)[0m  [1m[34mSELECT "songs".* FROM "songs"[0m
  ↳ app/controllers/songs_controller.rb:8:in `index'
Completed 200 OK in 11ms (Views: 7.5ms | ActiveRecord: 3.1ms | Allocations: 1669)


Started GET "/songs/" for ::1 at 2020-11-16 13:46:57 -0600
Processing by SongsController#index as */*
  [1m[36mSong Load (0.5ms)[0m  [1m[34mSELECT "songs".* FROM "songs"[0m
  ↳ app/controllers/songs_controller.rb:8:in `index'
Completed 200 OK in 5ms (Views: 4.4ms | ActiveRecord: 0.5ms | Allocations: 1668)


Started GET "/songs/" for ::1 at 2020-11-16 13:47:00 -0600
Processing by SongsController#index as */*
  [1m[36mSong Load (2.7ms)[0m  [1m[34mSELECT "songs".* FROM "songs"[0m
  ↳ app/controllers/songs_controller.rb:8:in `index'
Completed 200 OK in 9ms (Views: 6.3ms | ActiveRecord: 2.7ms | Allocations: 1668)


Started GET "/songs/" for ::1 at 2020-11-16 13:59:15 -0600
Processing by SongsController#index as */*
  [1m[36mSong Load (1.4ms)[0m  [1m[34mSELECT "songs".* FROM "songs"[0m
  ↳ app/controllers/songs_controller.rb:8:in `index'
Completed 200 OK in 18ms (Views: 13.6ms | ActiveRecord: 1.4ms | Allocations: 1742)


Started GET "/songs/" for ::1 at 2020-11-16 14:01:12 -0600
Processing by SongsController#index as */*
  [1m[36mSong Load (1.7ms)[0m  [1m[34mSELECT "songs".* FROM "songs"[0m
  ↳ app/controllers/songs_controller.rb:8:in `index'
Completed 200 OK in 8ms (Views: 5.8ms | ActiveRecord: 1.7ms | Allocations: 1668)


Started GET "/songs/" for ::1 at 2020-11-16 14:01:14 -0600
Processing by SongsController#index as */*
  [1m[36mSong Load (1.7ms)[0m  [1m[34mSELECT "songs".* FROM "songs"[0m
  ↳ app/controllers/songs_controller.rb:8:in `index'
Completed 200 OK in 8ms (Views: 6.0ms | ActiveRecord: 1.7ms | Allocations: 1668)


Started GET "/songs/" for ::1 at 2020-11-16 14:04:16 -0600
Processing by SongsController#index as */*
  [1m[36mSong Load (1.5ms)[0m  [1m[34mSELECT "songs".* FROM "songs"[0m
  ↳ app/controllers/songs_controller.rb:8:in `index'
Completed 200 OK in 11ms (Views: 9.2ms | ActiveRecord: 1.5ms | Allocations: 1668)


Started GET "/songs/" for ::1 at 2020-11-16 14:04:19 -0600
Processing by SongsController#index as */*
  [1m[36mSong Load (0.5ms)[0m  [1m[34mSELECT "songs".* FROM "songs"[0m
  ↳ app/controllers/songs_controller.rb:8:in `index'
Completed 200 OK in 5ms (Views: 4.3ms | ActiveRecord: 0.5ms | Allocations: 1668)


Started GET "/songs/" for ::1 at 2020-11-16 14:04:58 -0600
Processing by SongsController#index as */*
  [1m[36mSong Load (0.7ms)[0m  [1m[34mSELECT "songs".* FROM "songs"[0m
  ↳ app/controllers/songs_controller.rb:8:in `index'
Completed 200 OK in 10ms (Views: 9.0ms | ActiveRecord: 0.7ms | Allocations: 1668)


Started GET "/songs/" for ::1 at 2020-11-16 14:05:00 -0600
Processing by SongsController#index as */*
  [1m[36mSong Load (4.7ms)[0m  [1m[34mSELECT "songs".* FROM "songs"[0m
  ↳ app/controllers/songs_controller.rb:8:in `index'
Completed 200 OK in 30ms (Views: 24.5ms | ActiveRecord: 4.7ms | Allocations: 1668)


Started GET "/songs/" for ::1 at 2020-11-16 14:20:42 -0600
Processing by SongsController#index as */*
  [1m[36mSong Load (1.3ms)[0m  [1m[34mSELECT "songs".* FROM "songs"[0m
  ↳ app/controllers/songs_controller.rb:8:in `index'
Completed 200 OK in 18ms (Views: 14.7ms | ActiveRecord: 1.3ms | Allocations: 1743)


Started GET "/songs/" for ::1 at 2020-11-16 14:27:52 -0600
Processing by SongsController#index as */*
  [1m[36mSong Load (0.8ms)[0m  [1m[34mSELECT "songs".* FROM "songs"[0m
  ↳ app/controllers/songs_controller.rb:8:in `index'
Completed 200 OK in 7ms (Views: 6.0ms | ActiveRecord: 0.8ms | Allocations: 1742)


Started GET "/songs/" for ::1 at 2020-11-16 14:33:13 -0600
Processing by SongsController#index as */*
  [1m[36mSong Load (1.1ms)[0m  [1m[34mSELECT "songs".* FROM "songs"[0m
  ↳ app/controllers/songs_controller.rb:8:in `index'
Completed 200 OK in 26ms (Views: 20.3ms | ActiveRecord: 1.1ms | Allocations: 1669)


Started GET "/songs/" for ::1 at 2020-11-16 14:33:39 -0600
Processing by SongsController#index as */*
  [1m[36mSong Load (0.7ms)[0m  [1m[34mSELECT "songs".* FROM "songs"[0m
  ↳ app/controllers/songs_controller.rb:8:in `index'
Completed 200 OK in 7ms (Views: 5.8ms | ActiveRecord: 0.7ms | Allocations: 1669)


Started GET "/songs/" for ::1 at 2020-11-16 14:36:46 -0600
Processing by SongsController#index as */*
  [1m[36mSong Load (0.4ms)[0m  [1m[34mSELECT "songs".* FROM "songs"[0m
  ↳ app/controllers/songs_controller.rb:8:in `index'
Completed 200 OK in 5ms (Views: 4.8ms | ActiveRecord: 0.4ms | Allocations: 1668)


Started GET "/songs/" for ::1 at 2020-11-16 14:37:06 -0600
Processing by SongsController#index as */*
  [1m[36mSong Load (0.5ms)[0m  [1m[34mSELECT "songs".* FROM "songs"[0m
  ↳ app/controllers/songs_controller.rb:8:in `index'
Completed 200 OK in 6ms (Views: 3.8ms | ActiveRecord: 0.5ms | Allocations: 1668)


Started GET "/songs/" for ::1 at 2020-11-16 14:37:07 -0600
Processing by SongsController#index as */*
  [1m[36mSong Load (0.4ms)[0m  [1m[34mSELECT "songs".* FROM "songs"[0m
  ↳ app/controllers/songs_controller.rb:8:in `index'
Completed 200 OK in 6ms (Views: 5.5ms | ActiveRecord: 0.4ms | Allocations: 1669)


Started GET "/songs/" for ::1 at 2020-11-16 14:42:41 -0600
Processing by SongsController#index as */*
  [1m[36mSong Load (1.0ms)[0m  [1m[34mSELECT "songs".* FROM "songs"[0m
  ↳ app/controllers/songs_controller.rb:8:in `index'
Completed 200 OK in 14ms (Views: 10.4ms | ActiveRecord: 1.0ms | Allocations: 1742)


Started GET "/songs/" for ::1 at 2020-11-16 14:45:35 -0600
Processing by SongsController#index as */*
  [1m[36mSong Load (0.7ms)[0m  [1m[34mSELECT "songs".* FROM "songs"[0m
  ↳ app/controllers/songs_controller.rb:8:in `index'
Completed 200 OK in 16ms (Views: 12.8ms | ActiveRecord: 0.7ms | Allocations: 1669)


Started GET "/songs/" for ::1 at 2020-11-16 14:46:30 -0600
Processing by SongsController#index as */*
  [1m[36mSong Load (2.4ms)[0m  [1m[34mSELECT "songs".* FROM "songs"[0m
  ↳ app/controllers/songs_controller.rb:8:in `index'
Completed 200 OK in 15ms (Views: 11.8ms | ActiveRecord: 2.4ms | Allocations: 1668)


Started GET "/songs/" for ::1 at 2020-11-16 14:47:33 -0600
Processing by SongsController#index as */*
  [1m[36mSong Load (1.5ms)[0m  [1m[34mSELECT "songs".* FROM "songs"[0m
  ↳ app/controllers/songs_controller.rb:8:in `index'
Completed 200 OK in 22ms (Views: 17.4ms | ActiveRecord: 1.5ms | Allocations: 1668)


Started GET "/songs/" for ::1 at 2020-11-16 14:47:44 -0600
Processing by SongsController#index as */*
  [1m[36mSong Load (1.6ms)[0m  [1m[34mSELECT "songs".* FROM "songs"[0m
  ↳ app/controllers/songs_controller.rb:8:in `index'
Completed 200 OK in 14ms (Views: 12.3ms | ActiveRecord: 1.6ms | Allocations: 1668)


Started GET "/songs/" for ::1 at 2020-11-16 14:47:50 -0600
Processing by SongsController#index as */*
  [1m[36mSong Load (0.4ms)[0m  [1m[34mSELECT "songs".* FROM "songs"[0m
  ↳ app/controllers/songs_controller.rb:8:in `index'
Completed 200 OK in 6ms (Views: 5.6ms | ActiveRecord: 0.4ms | Allocations: 1668)


Started GET "/songs/" for ::1 at 2020-11-16 14:48:22 -0600
Processing by SongsController#index as */*
  [1m[36mSong Load (0.4ms)[0m  [1m[34mSELECT "songs".* FROM "songs"[0m
  ↳ app/controllers/songs_controller.rb:8:in `index'
Completed 200 OK in 5ms (Views: 4.8ms | ActiveRecord: 0.4ms | Allocations: 1668)


Started GET "/songs/" for ::1 at 2020-11-16 14:48:30 -0600
Processing by SongsController#index as */*
  [1m[36mSong Load (0.5ms)[0m  [1m[34mSELECT "songs".* FROM "songs"[0m
  ↳ app/controllers/songs_controller.rb:8:in `index'
Completed 200 OK in 7ms (Views: 6.0ms | ActiveRecord: 0.5ms | Allocations: 1668)


Started GET "/songs/" for ::1 at 2020-11-16 14:48:39 -0600
Processing by SongsController#index as */*
  [1m[36mSong Load (0.5ms)[0m  [1m[34mSELECT "songs".* FROM "songs"[0m
  ↳ app/controllers/songs_controller.rb:8:in `index'
Completed 200 OK in 10ms (Views: 9.5ms | ActiveRecord: 0.5ms | Allocations: 1668)


Started GET "/songs/" for ::1 at 2020-11-16 14:49:29 -0600
Processing by SongsController#index as */*
  [1m[36mSong Load (3.0ms)[0m  [1m[34mSELECT "songs".* FROM "songs"[0m
  ↳ app/controllers/songs_controller.rb:8:in `index'
Completed 200 OK in 9ms (Views: 6.0ms | ActiveRecord: 3.0ms | Allocations: 1668)


Started GET "/songs/" for ::1 at 2020-11-16 14:49:35 -0600
Processing by SongsController#index as */*
  [1m[36mSong Load (0.4ms)[0m  [1m[34mSELECT "songs".* FROM "songs"[0m
  ↳ app/controllers/songs_controller.rb:8:in `index'
Completed 200 OK in 6ms (Views: 5.1ms | ActiveRecord: 0.4ms | Allocations: 1668)


Started GET "/songs/" for ::1 at 2020-11-16 14:49:37 -0600
Processing by SongsController#index as */*
  [1m[36mSong Load (0.5ms)[0m  [1m[34mSELECT "songs".* FROM "songs"[0m
  ↳ app/controllers/songs_controller.rb:8:in `index'
Completed 200 OK in 6ms (Views: 5.3ms | ActiveRecord: 0.5ms | Allocations: 1668)


Started GET "/songs/" for ::1 at 2020-11-16 14:49:39 -0600
Processing by SongsController#index as */*
  [1m[36mSong Load (0.4ms)[0m  [1m[34mSELECT "songs".* FROM "songs"[0m
  ↳ app/controllers/songs_controller.rb:8:in `index'
Completed 200 OK in 9ms (Views: 7.9ms | ActiveRecord: 0.4ms | Allocations: 1668)


Started GET "/songs/" for ::1 at 2020-11-16 14:49:41 -0600
Processing by SongsController#index as */*
  [1m[36mSong Load (1.0ms)[0m  [1m[34mSELECT "songs".* FROM "songs"[0m
  ↳ app/controllers/songs_controller.rb:8:in `index'
Completed 200 OK in 5ms (Views: 4.2ms | ActiveRecord: 1.0ms | Allocations: 1668)


Started GET "/songs/" for ::1 at 2020-11-16 14:50:08 -0600
Processing by SongsController#index as */*
  [1m[36mSong Load (0.6ms)[0m  [1m[34mSELECT "songs".* FROM "songs"[0m
  ↳ app/controllers/songs_controller.rb:8:in `index'
Completed 200 OK in 7ms (Views: 5.7ms | ActiveRecord: 0.6ms | Allocations: 1668)


Started GET "/songs/" for ::1 at 2020-11-16 14:51:57 -0600
Processing by SongsController#index as */*
  [1m[36mSong Load (0.4ms)[0m  [1m[34mSELECT "songs".* FROM "songs"[0m
  ↳ app/controllers/songs_controller.rb:8:in `index'
Completed 200 OK in 7ms (Views: 6.5ms | ActiveRecord: 0.4ms | Allocations: 1669)


Started GET "/songs/" for ::1 at 2020-11-16 14:53:07 -0600
Processing by SongsController#index as */*
  [1m[36mSong Load (0.9ms)[0m  [1m[34mSELECT "songs".* FROM "songs"[0m
  ↳ app/controllers/songs_controller.rb:8:in `index'
Completed 200 OK in 30ms (Views: 28.5ms | ActiveRecord: 0.9ms | Allocations: 1669)


Started GET "/songs/" for ::1 at 2020-11-16 14:53:28 -0600
Processing by SongsController#index as */*
  [1m[36mSong Load (0.9ms)[0m  [1m[34mSELECT "songs".* FROM "songs"[0m
  ↳ app/controllers/songs_controller.rb:8:in `index'
Completed 200 OK in 5ms (Views: 3.4ms | ActiveRecord: 0.9ms | Allocations: 1669)


Started GET "/songs/" for ::1 at 2020-11-16 14:58:29 -0600
Processing by SongsController#index as */*
  [1m[36mSong Load (2.0ms)[0m  [1m[34mSELECT "songs".* FROM "songs"[0m
  ↳ app/controllers/songs_controller.rb:8:in `index'
Completed 200 OK in 8ms (Views: 4.8ms | ActiveRecord: 2.0ms | Allocations: 1669)


Started GET "/songs/" for ::1 at 2020-11-16 15:02:59 -0600
Processing by SongsController#index as */*
  [1m[36mSong Load (1.6ms)[0m  [1m[34mSELECT "songs".* FROM "songs"[0m
  ↳ app/controllers/songs_controller.rb:8:in `index'
Completed 200 OK in 20ms (Views: 16.0ms | ActiveRecord: 1.6ms | Allocations: 1668)


Started GET "/songs/" for ::1 at 2020-11-16 15:03:23 -0600
Processing by SongsController#index as */*
  [1m[36mSong Load (0.9ms)[0m  [1m[34mSELECT "songs".* FROM "songs"[0m
  ↳ app/controllers/songs_controller.rb:8:in `index'
Completed 200 OK in 11ms (Views: 10.0ms | ActiveRecord: 0.9ms | Allocations: 1668)


Started GET "/songs/" for ::1 at 2020-11-16 15:04:01 -0600
Processing by SongsController#index as */*
  [1m[36mSong Load (3.2ms)[0m  [1m[34mSELECT "songs".* FROM "songs"[0m
  ↳ app/controllers/songs_controller.rb:8:in `index'
Completed 200 OK in 10ms (Views: 6.9ms | ActiveRecord: 3.2ms | Allocations: 1669)


Started GET "/songs/" for ::1 at 2020-11-16 15:04:13 -0600
Processing by SongsController#index as */*
  [1m[36mSong Load (0.5ms)[0m  [1m[34mSELECT "songs".* FROM "songs"[0m
  ↳ app/controllers/songs_controller.rb:8:in `index'
Completed 200 OK in 5ms (Views: 3.4ms | ActiveRecord: 0.5ms | Allocations: 1668)


Started GET "/songs/" for ::1 at 2020-11-16 15:04:17 -0600
Processing by SongsController#index as */*
  [1m[36mSong Load (0.6ms)[0m  [1m[34mSELECT "songs".* FROM "songs"[0m
  ↳ app/controllers/songs_controller.rb:8:in `index'
Completed 200 OK in 5ms (Views: 4.1ms | ActiveRecord: 0.6ms | Allocations: 1668)


Started GET "/songs/" for ::1 at 2020-11-16 15:09:10 -0600
Processing by SongsController#index as */*
  [1m[36mSong Load (1.3ms)[0m  [1m[34mSELECT "songs".* FROM "songs"[0m
  ↳ app/controllers/songs_controller.rb:8:in `index'
Completed 200 OK in 19ms (Views: 13.9ms | ActiveRecord: 1.3ms | Allocations: 1669)


Started GET "/songs/" for ::1 at 2020-11-16 15:09:18 -0600
Processing by SongsController#index as */*
  [1m[36mSong Load (0.5ms)[0m  [1m[34mSELECT "songs".* FROM "songs"[0m
  ↳ app/controllers/songs_controller.rb:8:in `index'
Completed 200 OK in 7ms (Views: 6.0ms | ActiveRecord: 0.5ms | Allocations: 1668)


Started GET "/songs/" for ::1 at 2020-11-16 15:09:53 -0600
Processing by SongsController#index as */*
  [1m[36mSong Load (4.6ms)[0m  [1m[34mSELECT "songs".* FROM "songs"[0m
  ↳ app/controllers/songs_controller.rb:8:in `index'
Completed 200 OK in 11ms (Views: 6.1ms | ActiveRecord: 4.6ms | Allocations: 1668)


Started GET "/songs/" for ::1 at 2020-11-16 15:10:16 -0600
Processing by SongsController#index as */*
  [1m[36mSong Load (1.1ms)[0m  [1m[34mSELECT "songs".* FROM "songs"[0m
  ↳ app/controllers/songs_controller.rb:8:in `index'
Completed 200 OK in 14ms (Views: 12.4ms | ActiveRecord: 1.1ms | Allocations: 1668)


Started GET "/songs/" for ::1 at 2020-11-16 15:10:36 -0600
Processing by SongsController#index as */*
  [1m[36mSong Load (0.5ms)[0m  [1m[34mSELECT "songs".* FROM "songs"[0m
  ↳ app/controllers/songs_controller.rb:8:in `index'
Completed 200 OK in 7ms (Views: 6.4ms | ActiveRecord: 0.5ms | Allocations: 1668)


Started GET "/songs/" for ::1 at 2020-11-16 15:10:42 -0600
Processing by SongsController#index as */*
  [1m[36mSong Load (0.4ms)[0m  [1m[34mSELECT "songs".* FROM "songs"[0m
  ↳ app/controllers/songs_controller.rb:8:in `index'
Completed 200 OK in 6ms (Views: 5.3ms | ActiveRecord: 0.4ms | Allocations: 1668)


Started GET "/songs/" for ::1 at 2020-11-16 15:10:46 -0600
Processing by SongsController#index as */*
  [1m[36mSong Load (0.4ms)[0m  [1m[34mSELECT "songs".* FROM "songs"[0m
  ↳ app/controllers/songs_controller.rb:8:in `index'
Completed 200 OK in 4ms (Views: 3.7ms | ActiveRecord: 0.4ms | Allocations: 1668)


Started GET "/songs/" for ::1 at 2020-11-16 15:12:33 -0600
Processing by SongsController#index as */*
  [1m[36mSong Load (0.4ms)[0m  [1m[34mSELECT "songs".* FROM "songs"[0m
  ↳ app/controllers/songs_controller.rb:8:in `index'
Completed 200 OK in 5ms (Views: 4.0ms | ActiveRecord: 0.4ms | Allocations: 1668)


Started GET "/songs/" for ::1 at 2020-11-16 15:14:25 -0600
Processing by SongsController#index as */*
  [1m[36mSong Load (0.7ms)[0m  [1m[34mSELECT "songs".* FROM "songs"[0m
  ↳ app/controllers/songs_controller.rb:8:in `index'
Completed 200 OK in 5ms (Views: 3.8ms | ActiveRecord: 0.7ms | Allocations: 1668)


Started GET "/songs/" for ::1 at 2020-11-16 15:14:45 -0600
Processing by SongsController#index as */*
  [1m[36mSong Load (0.7ms)[0m  [1m[34mSELECT "songs".* FROM "songs"[0m
  ↳ app/controllers/songs_controller.rb:8:in `index'
Completed 200 OK in 5ms (Views: 3.8ms | ActiveRecord: 0.7ms | Allocations: 1668)


Started GET "/songs/" for ::1 at 2020-11-16 15:14:46 -0600
Processing by SongsController#index as */*
  [1m[36mSong Load (0.5ms)[0m  [1m[34mSELECT "songs".* FROM "songs"[0m
  ↳ app/controllers/songs_controller.rb:8:in `index'
Completed 200 OK in 7ms (Views: 6.0ms | ActiveRecord: 0.5ms | Allocations: 1668)


Started GET "/songs/" for ::1 at 2020-11-16 15:14:50 -0600
Processing by SongsController#index as */*
  [1m[36mSong Load (1.0ms)[0m  [1m[34mSELECT "songs".* FROM "songs"[0m
  ↳ app/controllers/songs_controller.rb:8:in `index'
Completed 200 OK in 7ms (Views: 5.2ms | ActiveRecord: 1.0ms | Allocations: 1668)


Started GET "/songs/" for ::1 at 2020-11-16 15:15:06 -0600
Processing by SongsController#index as */*
  [1m[36mSong Load (0.8ms)[0m  [1m[34mSELECT "songs".* FROM "songs"[0m
  ↳ app/controllers/songs_controller.rb:8:in `index'
Completed 200 OK in 6ms (Views: 4.9ms | ActiveRecord: 0.8ms | Allocations: 1668)


Started GET "/songs/" for ::1 at 2020-11-16 15:15:41 -0600
Processing by SongsController#index as */*
  [1m[36mSong Load (0.5ms)[0m  [1m[34mSELECT "songs".* FROM "songs"[0m
  ↳ app/controllers/songs_controller.rb:8:in `index'
Completed 200 OK in 7ms (Views: 6.2ms | ActiveRecord: 0.5ms | Allocations: 1669)


Started GET "/songs/" for ::1 at 2020-11-16 15:15:44 -0600
Processing by SongsController#index as */*
  [1m[36mSong Load (2.8ms)[0m  [1m[34mSELECT "songs".* FROM "songs"[0m
  ↳ app/controllers/songs_controller.rb:8:in `index'
Completed 200 OK in 38ms (Views: 35.0ms | ActiveRecord: 2.8ms | Allocations: 1669)


Started GET "/songs/" for ::1 at 2020-11-16 15:18:53 -0600
Processing by SongsController#index as */*
  [1m[36mSong Load (0.5ms)[0m  [1m[34mSELECT "songs".* FROM "songs"[0m
  ↳ app/controllers/songs_controller.rb:8:in `index'
Completed 200 OK in 6ms (Views: 4.7ms | ActiveRecord: 0.5ms | Allocations: 1669)


Started GET "/songs/" for ::1 at 2020-11-16 15:19:21 -0600
Processing by SongsController#index as */*
  [1m[36mSong Load (2.5ms)[0m  [1m[34mSELECT "songs".* FROM "songs"[0m
  ↳ app/controllers/songs_controller.rb:8:in `index'
Completed 200 OK in 6ms (Views: 2.9ms | ActiveRecord: 2.5ms | Allocations: 1669)


Started GET "/songs/" for ::1 at 2020-11-16 15:19:47 -0600
Processing by SongsController#index as */*
  [1m[36mSong Load (0.4ms)[0m  [1m[34mSELECT "songs".* FROM "songs"[0m
  ↳ app/controllers/songs_controller.rb:8:in `index'
Completed 200 OK in 4ms (Views: 3.6ms | ActiveRecord: 0.4ms | Allocations: 1668)


Started GET "/songs/" for ::1 at 2020-11-16 15:21:52 -0600
Processing by SongsController#index as */*
  [1m[36mSong Load (0.5ms)[0m  [1m[34mSELECT "songs".* FROM "songs"[0m
  ↳ app/controllers/songs_controller.rb:8:in `index'
Completed 200 OK in 4ms (Views: 3.2ms | ActiveRecord: 0.5ms | Allocations: 1668)


Started GET "/songs/" for ::1 at 2020-11-16 15:21:54 -0600
Processing by SongsController#index as */*
  [1m[36mSong Load (4.3ms)[0m  [1m[34mSELECT "songs".* FROM "songs"[0m
  ↳ app/controllers/songs_controller.rb:8:in `index'
Completed 200 OK in 10ms (Views: 3.7ms | ActiveRecord: 4.3ms | Allocations: 1668)


Started GET "/songs/" for ::1 at 2020-11-16 15:27:05 -0600
Processing by SongsController#index as */*
  [1m[36mSong Load (3.3ms)[0m  [1m[34mSELECT "songs".* FROM "songs"[0m
  ↳ app/controllers/songs_controller.rb:8:in `index'
Completed 200 OK in 31ms (Views: 15.7ms | ActiveRecord: 3.3ms | Allocations: 1669)


Started GET "/songs/" for ::1 at 2020-11-16 15:29:22 -0600
Processing by SongsController#index as */*
  [1m[36mSong Load (0.5ms)[0m  [1m[34mSELECT "songs".* FROM "songs"[0m
  ↳ app/controllers/songs_controller.rb:8:in `index'
Completed 200 OK in 6ms (Views: 5.4ms | ActiveRecord: 0.5ms | Allocations: 1668)


Started GET "/songs/" for ::1 at 2020-11-16 15:34:01 -0600
Processing by SongsController#index as */*
  [1m[36mSong Load (0.4ms)[0m  [1m[34mSELECT "songs".* FROM "songs"[0m
  ↳ app/controllers/songs_controller.rb:8:in `index'
Completed 200 OK in 5ms (Views: 4.3ms | ActiveRecord: 0.4ms | Allocations: 1669)


Started GET "/songs/" for ::1 at 2020-11-16 15:34:10 -0600
Processing by SongsController#index as */*
  [1m[36mSong Load (0.5ms)[0m  [1m[34mSELECT "songs".* FROM "songs"[0m
  ↳ app/controllers/songs_controller.rb:8:in `index'
Completed 200 OK in 4ms (Views: 3.6ms | ActiveRecord: 0.5ms | Allocations: 1668)


Started GET "/songs/" for ::1 at 2020-11-16 15:34:14 -0600
Processing by SongsController#index as */*
  [1m[36mSong Load (0.5ms)[0m  [1m[34mSELECT "songs".* FROM "songs"[0m
  ↳ app/controllers/songs_controller.rb:8:in `index'
Completed 200 OK in 4ms (Views: 3.3ms | ActiveRecord: 0.5ms | Allocations: 1668)


